[0.007s] Invoking command in '/home/beta/RINS-beta-robot/build/dis_tutorial3': CMAKE_PREFIX_PATH=${CMAKE_PREFIX_PATH}:/opt/ros/humble /usr/bin/cmake --build /home/beta/RINS-beta-robot/build/dis_tutorial3 -- -j16 -l16
[0.032s] Invoked command in '/home/beta/RINS-beta-robot/build/dis_tutorial3' returned '0': CMAKE_PREFIX_PATH=${CMAKE_PREFIX_PATH}:/opt/ros/humble /usr/bin/cmake --build /home/beta/RINS-beta-robot/build/dis_tutorial3 -- -j16 -l16
[0.038s] Invoking command in '/home/beta/RINS-beta-robot/build/dis_tutorial3': CMAKE_PREFIX_PATH=${CMAKE_PREFIX_PATH}:/opt/ros/humble /usr/bin/cmake --install /home/beta/RINS-beta-robot/build/dis_tutorial3
[0.042s] -- Install configuration: ""
[0.042s] -- Up-to-date: /home/beta/RINS-beta-robot/install/dis_tutorial3/share/dis_tutorial3//launch
[0.042s] -- Up-to-date: /home/beta/RINS-beta-robot/install/dis_tutorial3/share/dis_tutorial3//launch/sim_turtlebot_slam.launch.py
[0.042s] -- Up-to-date: /home/beta/RINS-beta-robot/install/dis_tutorial3/share/dis_tutorial3//launch/localization.launch.py
[0.042s] -- Up-to-date: /home/beta/RINS-beta-robot/install/dis_tutorial3/share/dis_tutorial3//launch/create3_nodes.launch.py
[0.042s] -- Up-to-date: /home/beta/RINS-beta-robot/install/dis_tutorial3/share/dis_tutorial3//launch/sim_turtlebot_nav.launch.py
[0.042s] -- Up-to-date: /home/beta/RINS-beta-robot/install/dis_tutorial3/share/dis_tutorial3//launch/dis_sim.launch.py
[0.042s] -- Up-to-date: /home/beta/RINS-beta-robot/install/dis_tutorial3/share/dis_tutorial3//launch/skeletonized_path.launch.py
[0.042s] -- Up-to-date: /home/beta/RINS-beta-robot/install/dis_tutorial3/share/dis_tutorial3//launch/turtlebot4_spawn.launch.py
[0.042s] -- Up-to-date: /home/beta/RINS-beta-robot/install/dis_tutorial3/share/dis_tutorial3//launch/ignition.launch.py
[0.042s] -- Up-to-date: /home/beta/RINS-beta-robot/install/dis_tutorial3/share/dis_tutorial3//launch/turtlebot4_spawn_nav.launch.py
[0.042s] -- Up-to-date: /home/beta/RINS-beta-robot/install/dis_tutorial3/share/dis_tutorial3//launch/slam.launch.py
[0.042s] -- Up-to-date: /home/beta/RINS-beta-robot/install/dis_tutorial3/share/dis_tutorial3//launch/nav2.launch.py
[0.042s] -- Up-to-date: /home/beta/RINS-beta-robot/install/dis_tutorial3/share/dis_tutorial3//config
[0.043s] -- Up-to-date: /home/beta/RINS-beta-robot/install/dis_tutorial3/share/dis_tutorial3//config/nav2.yaml
[0.043s] -- Up-to-date: /home/beta/RINS-beta-robot/install/dis_tutorial3/share/dis_tutorial3//config/slam.yaml
[0.043s] -- Up-to-date: /home/beta/RINS-beta-robot/install/dis_tutorial3/share/dis_tutorial3//config/localization.yaml
[0.043s] -- Up-to-date: /home/beta/RINS-beta-robot/install/dis_tutorial3/share/dis_tutorial3//config/laser_filter_chain.yaml
[0.043s] -- Up-to-date: /home/beta/RINS-beta-robot/install/dis_tutorial3/share/dis_tutorial3//worlds
[0.043s] -- Up-to-date: /home/beta/RINS-beta-robot/install/dis_tutorial3/share/dis_tutorial3//worlds/demo1_meshes
[0.043s] -- Up-to-date: /home/beta/RINS-beta-robot/install/dis_tutorial3/share/dis_tutorial3//worlds/demo1_meshes/fakering3.jpg
[0.043s] -- Up-to-date: /home/beta/RINS-beta-robot/install/dis_tutorial3/share/dis_tutorial3//worlds/demo1_meshes/objects.jpg
[0.043s] -- Up-to-date: /home/beta/RINS-beta-robot/install/dis_tutorial3/share/dis_tutorial3//worlds/demo1_meshes/person5.png
[0.043s] -- Up-to-date: /home/beta/RINS-beta-robot/install/dis_tutorial3/share/dis_tutorial3//worlds/demo1_meshes/person2.png
[0.043s] -- Up-to-date: /home/beta/RINS-beta-robot/install/dis_tutorial3/share/dis_tutorial3//worlds/demo1_meshes/fakering1.jpg
[0.043s] -- Up-to-date: /home/beta/RINS-beta-robot/install/dis_tutorial3/share/dis_tutorial3//worlds/demo1_meshes/parking_space.jpg
[0.043s] -- Up-to-date: /home/beta/RINS-beta-robot/install/dis_tutorial3/share/dis_tutorial3//worlds/demo1_meshes/person3.png
[0.043s] -- Up-to-date: /home/beta/RINS-beta-robot/install/dis_tutorial3/share/dis_tutorial3//worlds/demo1_meshes/ground.jpg
[0.043s] -- Up-to-date: /home/beta/RINS-beta-robot/install/dis_tutorial3/share/dis_tutorial3//worlds/demo1_meshes/cylinders.jpg
[0.043s] -- Up-to-date: /home/beta/RINS-beta-robot/install/dis_tutorial3/share/dis_tutorial3//worlds/demo1_meshes/fakering2.jpg
[0.043s] -- Up-to-date: /home/beta/RINS-beta-robot/install/dis_tutorial3/share/dis_tutorial3//worlds/demo1_meshes/qr2.jpg
[0.043s] -- Up-to-date: /home/beta/RINS-beta-robot/install/dis_tutorial3/share/dis_tutorial3//worlds/demo1_meshes/map_colliders.dae
[0.043s] -- Up-to-date: /home/beta/RINS-beta-robot/install/dis_tutorial3/share/dis_tutorial3//worlds/demo1_meshes/map.dae
[0.043s] -- Up-to-date: /home/beta/RINS-beta-robot/install/dis_tutorial3/share/dis_tutorial3//worlds/demo1_meshes/person1.png
[0.043s] -- Up-to-date: /home/beta/RINS-beta-robot/install/dis_tutorial3/share/dis_tutorial3//worlds/demo1_meshes/person11.png
[0.043s] -- Up-to-date: /home/beta/RINS-beta-robot/install/dis_tutorial3/share/dis_tutorial3//worlds/demo1_meshes/person4.png
[0.044s] -- Up-to-date: /home/beta/RINS-beta-robot/install/dis_tutorial3/share/dis_tutorial3//worlds/demo1_meshes/qr1.jpg
[0.044s] -- Up-to-date: /home/beta/RINS-beta-robot/install/dis_tutorial3/share/dis_tutorial3//worlds/demo1.sdf
[0.044s] -- Up-to-date: /home/beta/RINS-beta-robot/install/dis_tutorial3/share/dis_tutorial3//worlds/demo2_meshes
[0.044s] -- Up-to-date: /home/beta/RINS-beta-robot/install/dis_tutorial3/share/dis_tutorial3//worlds/demo2_meshes/fakering3.jpg
[0.044s] -- Up-to-date: /home/beta/RINS-beta-robot/install/dis_tutorial3/share/dis_tutorial3//worlds/demo2_meshes/objects.jpg
[0.044s] -- Up-to-date: /home/beta/RINS-beta-robot/install/dis_tutorial3/share/dis_tutorial3//worlds/demo2_meshes/person6.png
[0.044s] -- Up-to-date: /home/beta/RINS-beta-robot/install/dis_tutorial3/share/dis_tutorial3//worlds/demo2_meshes/person8.png
[0.044s] -- Up-to-date: /home/beta/RINS-beta-robot/install/dis_tutorial3/share/dis_tutorial3//worlds/demo2_meshes/fakering1.jpg
[0.044s] -- Up-to-date: /home/beta/RINS-beta-robot/install/dis_tutorial3/share/dis_tutorial3//worlds/demo2_meshes/parking_space.jpg
[0.044s] -- Up-to-date: /home/beta/RINS-beta-robot/install/dis_tutorial3/share/dis_tutorial3//worlds/demo2_meshes/person20.png
[0.044s] -- Up-to-date: /home/beta/RINS-beta-robot/install/dis_tutorial3/share/dis_tutorial3//worlds/demo2_meshes/ground.jpg
[0.044s] -- Up-to-date: /home/beta/RINS-beta-robot/install/dis_tutorial3/share/dis_tutorial3//worlds/demo2_meshes/cylinders.jpg
[0.044s] -- Up-to-date: /home/beta/RINS-beta-robot/install/dis_tutorial3/share/dis_tutorial3//worlds/demo2_meshes/fakering2.jpg
[0.044s] -- Up-to-date: /home/beta/RINS-beta-robot/install/dis_tutorial3/share/dis_tutorial3//worlds/demo2_meshes/qr2.jpg
[0.044s] -- Up-to-date: /home/beta/RINS-beta-robot/install/dis_tutorial3/share/dis_tutorial3//worlds/demo2_meshes/map_colliders.dae
[0.044s] -- Up-to-date: /home/beta/RINS-beta-robot/install/dis_tutorial3/share/dis_tutorial3//worlds/demo2_meshes/map.dae
[0.044s] -- Up-to-date: /home/beta/RINS-beta-robot/install/dis_tutorial3/share/dis_tutorial3//worlds/demo2_meshes/person9.png
[0.044s] -- Up-to-date: /home/beta/RINS-beta-robot/install/dis_tutorial3/share/dis_tutorial3//worlds/demo2_meshes/person18.png
[0.044s] -- Up-to-date: /home/beta/RINS-beta-robot/install/dis_tutorial3/share/dis_tutorial3//worlds/demo2_meshes/person7.png
[0.044s] -- Up-to-date: /home/beta/RINS-beta-robot/install/dis_tutorial3/share/dis_tutorial3//worlds/demo2_meshes/qr1.jpg
[0.044s] -- Up-to-date: /home/beta/RINS-beta-robot/install/dis_tutorial3/share/dis_tutorial3//worlds/task1.sdf
[0.044s] -- Up-to-date: /home/beta/RINS-beta-robot/install/dis_tutorial3/share/dis_tutorial3//worlds/dis.sdf
[0.044s] -- Up-to-date: /home/beta/RINS-beta-robot/install/dis_tutorial3/share/dis_tutorial3//worlds/demo3_meshes
[0.044s] -- Up-to-date: /home/beta/RINS-beta-robot/install/dis_tutorial3/share/dis_tutorial3//worlds/demo3_meshes/fakering3.jpg
[0.044s] -- Up-to-date: /home/beta/RINS-beta-robot/install/dis_tutorial3/share/dis_tutorial3//worlds/demo3_meshes/objects.jpg
[0.045s] -- Up-to-date: /home/beta/RINS-beta-robot/install/dis_tutorial3/share/dis_tutorial3//worlds/demo3_meshes/person21.png
[0.045s] -- Up-to-date: /home/beta/RINS-beta-robot/install/dis_tutorial3/share/dis_tutorial3//worlds/demo3_meshes/person24.png
[0.045s] -- Up-to-date: /home/beta/RINS-beta-robot/install/dis_tutorial3/share/dis_tutorial3//worlds/demo3_meshes/blue.jpg
[0.045s] -- Up-to-date: /home/beta/RINS-beta-robot/install/dis_tutorial3/share/dis_tutorial3//worlds/demo3_meshes/fakering1.jpg
[0.045s] -- Up-to-date: /home/beta/RINS-beta-robot/install/dis_tutorial3/share/dis_tutorial3//worlds/demo3_meshes/parking_space.jpg
[0.045s] -- Up-to-date: /home/beta/RINS-beta-robot/install/dis_tutorial3/share/dis_tutorial3//worlds/demo3_meshes/ground.jpg
[0.045s] -- Up-to-date: /home/beta/RINS-beta-robot/install/dis_tutorial3/share/dis_tutorial3//worlds/demo3_meshes/red.jpg
[0.045s] -- Up-to-date: /home/beta/RINS-beta-robot/install/dis_tutorial3/share/dis_tutorial3//worlds/demo3_meshes/person15.png
[0.045s] -- Up-to-date: /home/beta/RINS-beta-robot/install/dis_tutorial3/share/dis_tutorial3//worlds/demo3_meshes/fakering2.jpg
[0.045s] -- Up-to-date: /home/beta/RINS-beta-robot/install/dis_tutorial3/share/dis_tutorial3//worlds/demo3_meshes/qr2.jpg
[0.045s] -- Up-to-date: /home/beta/RINS-beta-robot/install/dis_tutorial3/share/dis_tutorial3//worlds/demo3_meshes/map_colliders.dae
[0.045s] -- Up-to-date: /home/beta/RINS-beta-robot/install/dis_tutorial3/share/dis_tutorial3//worlds/demo3_meshes/person17.png
[0.045s] -- Up-to-date: /home/beta/RINS-beta-robot/install/dis_tutorial3/share/dis_tutorial3//worlds/demo3_meshes/map.dae
[0.045s] -- Up-to-date: /home/beta/RINS-beta-robot/install/dis_tutorial3/share/dis_tutorial3//worlds/demo3_meshes/green.jpg
[0.045s] -- Up-to-date: /home/beta/RINS-beta-robot/install/dis_tutorial3/share/dis_tutorial3//worlds/demo3_meshes/yellow.jpg
[0.045s] -- Up-to-date: /home/beta/RINS-beta-robot/install/dis_tutorial3/share/dis_tutorial3//worlds/demo3_meshes/black.jpg
[0.045s] -- Up-to-date: /home/beta/RINS-beta-robot/install/dis_tutorial3/share/dis_tutorial3//worlds/demo3_meshes/person22.png
[0.045s] -- Up-to-date: /home/beta/RINS-beta-robot/install/dis_tutorial3/share/dis_tutorial3//worlds/demo3_meshes/qr1.jpg
[0.045s] -- Up-to-date: /home/beta/RINS-beta-robot/install/dis_tutorial3/share/dis_tutorial3//worlds/demo4_meshes
[0.045s] -- Up-to-date: /home/beta/RINS-beta-robot/install/dis_tutorial3/share/dis_tutorial3//worlds/demo4_meshes/fakering3.jpg
[0.045s] -- Up-to-date: /home/beta/RINS-beta-robot/install/dis_tutorial3/share/dis_tutorial3//worlds/demo4_meshes/objects.jpg
[0.045s] -- Up-to-date: /home/beta/RINS-beta-robot/install/dis_tutorial3/share/dis_tutorial3//worlds/demo4_meshes/person4.png.001.png
[0.045s] -- Up-to-date: /home/beta/RINS-beta-robot/install/dis_tutorial3/share/dis_tutorial3//worlds/demo4_meshes/person6.png
[0.045s] -- Up-to-date: /home/beta/RINS-beta-robot/install/dis_tutorial3/share/dis_tutorial3//worlds/demo4_meshes/blue.jpg
[0.045s] -- Up-to-date: /home/beta/RINS-beta-robot/install/dis_tutorial3/share/dis_tutorial3//worlds/demo4_meshes/fakering1.jpg
[0.045s] -- Up-to-date: /home/beta/RINS-beta-robot/install/dis_tutorial3/share/dis_tutorial3//worlds/demo4_meshes/person2.png.001.png
[0.046s] -- Up-to-date: /home/beta/RINS-beta-robot/install/dis_tutorial3/share/dis_tutorial3//worlds/demo4_meshes/parking_space.jpg
[0.046s] -- Up-to-date: /home/beta/RINS-beta-robot/install/dis_tutorial3/share/dis_tutorial3//worlds/demo4_meshes/ground.jpg
[0.046s] -- Up-to-date: /home/beta/RINS-beta-robot/install/dis_tutorial3/share/dis_tutorial3//worlds/demo4_meshes/red.jpg
[0.046s] -- Up-to-date: /home/beta/RINS-beta-robot/install/dis_tutorial3/share/dis_tutorial3//worlds/demo4_meshes/person3.png.001.png
[0.046s] -- Up-to-date: /home/beta/RINS-beta-robot/install/dis_tutorial3/share/dis_tutorial3//worlds/demo4_meshes/fakering2.jpg
[0.046s] -- Up-to-date: /home/beta/RINS-beta-robot/install/dis_tutorial3/share/dis_tutorial3//worlds/demo4_meshes/qr2.jpg
[0.046s] -- Up-to-date: /home/beta/RINS-beta-robot/install/dis_tutorial3/share/dis_tutorial3//worlds/demo4_meshes/person13.png
[0.046s] -- Up-to-date: /home/beta/RINS-beta-robot/install/dis_tutorial3/share/dis_tutorial3//worlds/demo4_meshes/person5.png.001.png
[0.046s] -- Up-to-date: /home/beta/RINS-beta-robot/install/dis_tutorial3/share/dis_tutorial3//worlds/demo4_meshes/map_colliders.dae
[0.046s] -- Up-to-date: /home/beta/RINS-beta-robot/install/dis_tutorial3/share/dis_tutorial3//worlds/demo4_meshes/map.dae
[0.046s] -- Up-to-date: /home/beta/RINS-beta-robot/install/dis_tutorial3/share/dis_tutorial3//worlds/demo4_meshes/green.jpg
[0.046s] -- Up-to-date: /home/beta/RINS-beta-robot/install/dis_tutorial3/share/dis_tutorial3//worlds/demo4_meshes/yellow.jpg
[0.046s] -- Up-to-date: /home/beta/RINS-beta-robot/install/dis_tutorial3/share/dis_tutorial3//worlds/demo4_meshes/black.jpg
[0.046s] -- Up-to-date: /home/beta/RINS-beta-robot/install/dis_tutorial3/share/dis_tutorial3//worlds/demo4_meshes/qr1.jpg
[0.046s] -- Up-to-date: /home/beta/RINS-beta-robot/install/dis_tutorial3/share/dis_tutorial3//worlds/dis_meshes
[0.046s] -- Up-to-date: /home/beta/RINS-beta-robot/install/dis_tutorial3/share/dis_tutorial3//worlds/dis_meshes/fakering3.jpg
[0.046s] -- Up-to-date: /home/beta/RINS-beta-robot/install/dis_tutorial3/share/dis_tutorial3//worlds/dis_meshes/objects.jpg
[0.046s] -- Up-to-date: /home/beta/RINS-beta-robot/install/dis_tutorial3/share/dis_tutorial3//worlds/dis_meshes/person3.jpg
[0.046s] -- Up-to-date: /home/beta/RINS-beta-robot/install/dis_tutorial3/share/dis_tutorial3//worlds/dis_meshes/mona1.jpg
[0.046s] -- Up-to-date: /home/beta/RINS-beta-robot/install/dis_tutorial3/share/dis_tutorial3//worlds/dis_meshes/fakering1.jpg
[0.046s] -- Up-to-date: /home/beta/RINS-beta-robot/install/dis_tutorial3/share/dis_tutorial3//worlds/dis_meshes/person2.jpg
[0.046s] -- Up-to-date: /home/beta/RINS-beta-robot/install/dis_tutorial3/share/dis_tutorial3//worlds/dis_meshes/parking_space.jpg
[0.046s] -- Up-to-date: /home/beta/RINS-beta-robot/install/dis_tutorial3/share/dis_tutorial3//worlds/dis_meshes/person5.jpg
[0.046s] -- Up-to-date: /home/beta/RINS-beta-robot/install/dis_tutorial3/share/dis_tutorial3//worlds/dis_meshes/ground.jpg
[0.046s] -- Up-to-date: /home/beta/RINS-beta-robot/install/dis_tutorial3/share/dis_tutorial3//worlds/dis_meshes/cylinders.jpg
[0.046s] -- Up-to-date: /home/beta/RINS-beta-robot/install/dis_tutorial3/share/dis_tutorial3//worlds/dis_meshes/fakering2.jpg
[0.047s] -- Up-to-date: /home/beta/RINS-beta-robot/install/dis_tutorial3/share/dis_tutorial3//worlds/dis_meshes/person4.jpg
[0.047s] -- Up-to-date: /home/beta/RINS-beta-robot/install/dis_tutorial3/share/dis_tutorial3//worlds/dis_meshes/davinci.jpg
[0.047s] -- Up-to-date: /home/beta/RINS-beta-robot/install/dis_tutorial3/share/dis_tutorial3//worlds/dis_meshes/qr2.jpg
[0.047s] -- Up-to-date: /home/beta/RINS-beta-robot/install/dis_tutorial3/share/dis_tutorial3//worlds/dis_meshes/map_colliders.dae
[0.047s] -- Up-to-date: /home/beta/RINS-beta-robot/install/dis_tutorial3/share/dis_tutorial3//worlds/dis_meshes/wood.jpg
[0.047s] -- Up-to-date: /home/beta/RINS-beta-robot/install/dis_tutorial3/share/dis_tutorial3//worlds/dis_meshes/person1.jpg
[0.047s] -- Up-to-date: /home/beta/RINS-beta-robot/install/dis_tutorial3/share/dis_tutorial3//worlds/dis_meshes/map.dae
[0.047s] -- Up-to-date: /home/beta/RINS-beta-robot/install/dis_tutorial3/share/dis_tutorial3//worlds/dis_meshes/qr1.jpg
[0.047s] -- Up-to-date: /home/beta/RINS-beta-robot/install/dis_tutorial3/share/dis_tutorial3//worlds/demo2.sdf
[0.047s] -- Up-to-date: /home/beta/RINS-beta-robot/install/dis_tutorial3/share/dis_tutorial3//worlds/2024
[0.047s] -- Up-to-date: /home/beta/RINS-beta-robot/install/dis_tutorial3/share/dis_tutorial3//worlds/2024/task3_meshes
[0.047s] -- Up-to-date: /home/beta/RINS-beta-robot/install/dis_tutorial3/share/dis_tutorial3//worlds/2024/task3_meshes/easy_anomona_3.png
[0.047s] -- Up-to-date: /home/beta/RINS-beta-robot/install/dis_tutorial3/share/dis_tutorial3//worlds/2024/task3_meshes/easy_anomona_1.png
[0.047s] -- Up-to-date: /home/beta/RINS-beta-robot/install/dis_tutorial3/share/dis_tutorial3//worlds/2024/task3_meshes/fakering3.jpg
[0.047s] -- Up-to-date: /home/beta/RINS-beta-robot/install/dis_tutorial3/share/dis_tutorial3//worlds/2024/task3_meshes/objects.jpg
[0.047s] -- Up-to-date: /home/beta/RINS-beta-robot/install/dis_tutorial3/share/dis_tutorial3//worlds/2024/task3_meshes/qr_url.png
[0.047s] -- Up-to-date: /home/beta/RINS-beta-robot/install/dis_tutorial3/share/dis_tutorial3//worlds/2024/task3_meshes/villager4.png
[0.047s] -- Up-to-date: /home/beta/RINS-beta-robot/install/dis_tutorial3/share/dis_tutorial3//worlds/2024/task3_meshes/mona.png
[0.047s] -- Up-to-date: /home/beta/RINS-beta-robot/install/dis_tutorial3/share/dis_tutorial3//worlds/2024/task3_meshes/villager2.png
[0.047s] -- Up-to-date: /home/beta/RINS-beta-robot/install/dis_tutorial3/share/dis_tutorial3//worlds/2024/task3_meshes/anomona_1.png
[0.048s] -- Up-to-date: /home/beta/RINS-beta-robot/install/dis_tutorial3/share/dis_tutorial3//worlds/2024/task3_meshes/easy_anomona_0.png
[0.048s] -- Up-to-date: /home/beta/RINS-beta-robot/install/dis_tutorial3/share/dis_tutorial3//worlds/2024/task3_meshes/qr_cheat.png
[0.048s] -- Up-to-date: /home/beta/RINS-beta-robot/install/dis_tutorial3/share/dis_tutorial3//worlds/2024/task3_meshes/fakering1.jpg
[0.048s] -- Up-to-date: /home/beta/RINS-beta-robot/install/dis_tutorial3/share/dis_tutorial3//worlds/2024/task3_meshes/parking_space.jpg
[0.048s] -- Up-to-date: /home/beta/RINS-beta-robot/install/dis_tutorial3/share/dis_tutorial3//worlds/2024/task3_meshes/anomona_2.png
[0.048s] -- Up-to-date: /home/beta/RINS-beta-robot/install/dis_tutorial3/share/dis_tutorial3//worlds/2024/task3_meshes/ground.jpg
[0.048s] -- Up-to-date: /home/beta/RINS-beta-robot/install/dis_tutorial3/share/dis_tutorial3//worlds/2024/task3_meshes/villager5.png
[0.048s] -- Up-to-date: /home/beta/RINS-beta-robot/install/dis_tutorial3/share/dis_tutorial3//worlds/2024/task3_meshes/villager1.png
[0.048s] -- Up-to-date: /home/beta/RINS-beta-robot/install/dis_tutorial3/share/dis_tutorial3//worlds/2024/task3_meshes/cylinders.jpg
[0.048s] -- Up-to-date: /home/beta/RINS-beta-robot/install/dis_tutorial3/share/dis_tutorial3//worlds/2024/task3_meshes/villager3.png
[0.048s] -- Up-to-date: /home/beta/RINS-beta-robot/install/dis_tutorial3/share/dis_tutorial3//worlds/2024/task3_meshes/fakering2.jpg
[0.048s] -- Up-to-date: /home/beta/RINS-beta-robot/install/dis_tutorial3/share/dis_tutorial3//worlds/2024/task3_meshes/map_colliders.dae
[0.048s] -- Up-to-date: /home/beta/RINS-beta-robot/install/dis_tutorial3/share/dis_tutorial3//worlds/2024/task3_meshes/anomona_3.png
[0.048s] -- Up-to-date: /home/beta/RINS-beta-robot/install/dis_tutorial3/share/dis_tutorial3//worlds/2024/task3_meshes/qr_wrong.png
[0.048s] -- Up-to-date: /home/beta/RINS-beta-robot/install/dis_tutorial3/share/dis_tutorial3//worlds/2024/task3_meshes/easy_anomona_2.png
[0.048s] -- Up-to-date: /home/beta/RINS-beta-robot/install/dis_tutorial3/share/dis_tutorial3//worlds/2024/task3_meshes/anomona_4.png
[0.048s] -- Up-to-date: /home/beta/RINS-beta-robot/install/dis_tutorial3/share/dis_tutorial3//worlds/2024/task3_meshes/map.dae
[0.048s] -- Up-to-date: /home/beta/RINS-beta-robot/install/dis_tutorial3/share/dis_tutorial3//worlds/2024/task3_meshes/anomona_0.png
[0.048s] -- Up-to-date: /home/beta/RINS-beta-robot/install/dis_tutorial3/share/dis_tutorial3//worlds/2024/task3_meshes/easy_anomona_4.png
[0.048s] -- Up-to-date: /home/beta/RINS-beta-robot/install/dis_tutorial3/share/dis_tutorial3//worlds/2024/task2_demo2.sdf
[0.048s] -- Up-to-date: /home/beta/RINS-beta-robot/install/dis_tutorial3/share/dis_tutorial3//worlds/2024/task2_demo2_meshes
[0.048s] -- Up-to-date: /home/beta/RINS-beta-robot/install/dis_tutorial3/share/dis_tutorial3//worlds/2024/task2_demo2_meshes/fakering3.jpg
[0.048s] -- Up-to-date: /home/beta/RINS-beta-robot/install/dis_tutorial3/share/dis_tutorial3//worlds/2024/task2_demo2_meshes/objects.jpg
[0.048s] -- Up-to-date: /home/beta/RINS-beta-robot/install/dis_tutorial3/share/dis_tutorial3//worlds/2024/task2_demo2_meshes/fakering1.jpg
[0.048s] -- Up-to-date: /home/beta/RINS-beta-robot/install/dis_tutorial3/share/dis_tutorial3//worlds/2024/task2_demo2_meshes/parking_space.jpg
[0.048s] -- Up-to-date: /home/beta/RINS-beta-robot/install/dis_tutorial3/share/dis_tutorial3//worlds/2024/task2_demo2_meshes/ground.jpg
[0.048s] -- Up-to-date: /home/beta/RINS-beta-robot/install/dis_tutorial3/share/dis_tutorial3//worlds/2024/task2_demo2_meshes/cylinders.jpg
[0.049s] -- Up-to-date: /home/beta/RINS-beta-robot/install/dis_tutorial3/share/dis_tutorial3//worlds/2024/task2_demo2_meshes/fakering2.jpg
[0.049s] -- Up-to-date: /home/beta/RINS-beta-robot/install/dis_tutorial3/share/dis_tutorial3//worlds/2024/task2_demo2_meshes/map_colliders.dae
[0.049s] -- Up-to-date: /home/beta/RINS-beta-robot/install/dis_tutorial3/share/dis_tutorial3//worlds/2024/task2_demo2_meshes/map.dae
[0.049s] -- Up-to-date: /home/beta/RINS-beta-robot/install/dis_tutorial3/share/dis_tutorial3//worlds/2024/task2_demo1.sdf
[0.049s] -- Up-to-date: /home/beta/RINS-beta-robot/install/dis_tutorial3/share/dis_tutorial3//worlds/2024/task2_demo1_meshes
[0.049s] -- Up-to-date: /home/beta/RINS-beta-robot/install/dis_tutorial3/share/dis_tutorial3//worlds/2024/task2_demo1_meshes/fakering3.jpg
[0.049s] -- Up-to-date: /home/beta/RINS-beta-robot/install/dis_tutorial3/share/dis_tutorial3//worlds/2024/task2_demo1_meshes/objects.jpg
[0.049s] -- Up-to-date: /home/beta/RINS-beta-robot/install/dis_tutorial3/share/dis_tutorial3//worlds/2024/task2_demo1_meshes/fakering1.jpg
[0.049s] -- Up-to-date: /home/beta/RINS-beta-robot/install/dis_tutorial3/share/dis_tutorial3//worlds/2024/task2_demo1_meshes/parking_space.jpg
[0.049s] -- Up-to-date: /home/beta/RINS-beta-robot/install/dis_tutorial3/share/dis_tutorial3//worlds/2024/task2_demo1_meshes/ground.jpg
[0.049s] -- Up-to-date: /home/beta/RINS-beta-robot/install/dis_tutorial3/share/dis_tutorial3//worlds/2024/task2_demo1_meshes/cylinders.jpg
[0.049s] -- Up-to-date: /home/beta/RINS-beta-robot/install/dis_tutorial3/share/dis_tutorial3//worlds/2024/task2_demo1_meshes/fakering2.jpg
[0.049s] -- Up-to-date: /home/beta/RINS-beta-robot/install/dis_tutorial3/share/dis_tutorial3//worlds/2024/task2_demo1_meshes/map_colliders.dae
[0.049s] -- Up-to-date: /home/beta/RINS-beta-robot/install/dis_tutorial3/share/dis_tutorial3//worlds/2024/task2_demo1_meshes/map.dae
[0.049s] -- Up-to-date: /home/beta/RINS-beta-robot/install/dis_tutorial3/share/dis_tutorial3//worlds/2024/task3.sdf
[0.049s] -- Up-to-date: /home/beta/RINS-beta-robot/install/dis_tutorial3/share/dis_tutorial3//worlds/task1_meshes
[0.049s] -- Up-to-date: /home/beta/RINS-beta-robot/install/dis_tutorial3/share/dis_tutorial3//worlds/task1_meshes/fakering3.jpg
[0.049s] -- Up-to-date: /home/beta/RINS-beta-robot/install/dis_tutorial3/share/dis_tutorial3//worlds/task1_meshes/objects.jpg
[0.049s] -- Up-to-date: /home/beta/RINS-beta-robot/install/dis_tutorial3/share/dis_tutorial3//worlds/task1_meshes/person6.png
[0.049s] -- Up-to-date: /home/beta/RINS-beta-robot/install/dis_tutorial3/share/dis_tutorial3//worlds/task1_meshes/person8.png
[0.049s] -- Up-to-date: /home/beta/RINS-beta-robot/install/dis_tutorial3/share/dis_tutorial3//worlds/task1_meshes/blue.jpg
[0.049s] -- Up-to-date: /home/beta/RINS-beta-robot/install/dis_tutorial3/share/dis_tutorial3//worlds/task1_meshes/fakering1.jpg
[0.049s] -- Up-to-date: /home/beta/RINS-beta-robot/install/dis_tutorial3/share/dis_tutorial3//worlds/task1_meshes/person2.png.001.png
[0.049s] -- Up-to-date: /home/beta/RINS-beta-robot/install/dis_tutorial3/share/dis_tutorial3//worlds/task1_meshes/parking_space.jpg
[0.049s] -- Up-to-date: /home/beta/RINS-beta-robot/install/dis_tutorial3/share/dis_tutorial3//worlds/task1_meshes/ground.jpg
[0.049s] -- Up-to-date: /home/beta/RINS-beta-robot/install/dis_tutorial3/share/dis_tutorial3//worlds/task1_meshes/red.jpg
[0.049s] -- Up-to-date: /home/beta/RINS-beta-robot/install/dis_tutorial3/share/dis_tutorial3//worlds/task1_meshes/person3.png.001.png
[0.049s] -- Up-to-date: /home/beta/RINS-beta-robot/install/dis_tutorial3/share/dis_tutorial3//worlds/task1_meshes/fakering2.jpg
[0.049s] -- Up-to-date: /home/beta/RINS-beta-robot/install/dis_tutorial3/share/dis_tutorial3//worlds/task1_meshes/qr2.jpg
[0.050s] -- Up-to-date: /home/beta/RINS-beta-robot/install/dis_tutorial3/share/dis_tutorial3//worlds/task1_meshes/person13.png
[0.050s] -- Up-to-date: /home/beta/RINS-beta-robot/install/dis_tutorial3/share/dis_tutorial3//worlds/task1_meshes/person5.png.001.png
[0.050s] -- Up-to-date: /home/beta/RINS-beta-robot/install/dis_tutorial3/share/dis_tutorial3//worlds/task1_meshes/map_colliders.dae
[0.050s] -- Up-to-date: /home/beta/RINS-beta-robot/install/dis_tutorial3/share/dis_tutorial3//worlds/task1_meshes/map.dae
[0.050s] -- Up-to-date: /home/beta/RINS-beta-robot/install/dis_tutorial3/share/dis_tutorial3//worlds/task1_meshes/green.jpg
[0.050s] -- Up-to-date: /home/beta/RINS-beta-robot/install/dis_tutorial3/share/dis_tutorial3//worlds/task1_meshes/yellow.jpg
[0.050s] -- Up-to-date: /home/beta/RINS-beta-robot/install/dis_tutorial3/share/dis_tutorial3//worlds/task1_meshes/black.jpg
[0.050s] -- Up-to-date: /home/beta/RINS-beta-robot/install/dis_tutorial3/share/dis_tutorial3//worlds/task1_meshes/qr1.jpg
[0.050s] -- Up-to-date: /home/beta/RINS-beta-robot/install/dis_tutorial3/share/dis_tutorial3//worlds/demo3.sdf
[0.050s] -- Up-to-date: /home/beta/RINS-beta-robot/install/dis_tutorial3/share/dis_tutorial3//worlds/empty.sdf
[0.050s] -- Up-to-date: /home/beta/RINS-beta-robot/install/dis_tutorial3/share/dis_tutorial3//worlds/demo4.sdf
[0.050s] -- Up-to-date: /home/beta/RINS-beta-robot/install/dis_tutorial3/share/dis_tutorial3//maps
[0.050s] -- Up-to-date: /home/beta/RINS-beta-robot/install/dis_tutorial3/share/dis_tutorial3//maps/map_cleaned.pgm
[0.050s] -- Up-to-date: /home/beta/RINS-beta-robot/install/dis_tutorial3/share/dis_tutorial3//maps/map1.pgm
[0.050s] -- Up-to-date: /home/beta/RINS-beta-robot/install/dis_tutorial3/share/dis_tutorial3//maps/map_skeleton_proba.pgm
[0.050s] -- Up-to-date: /home/beta/RINS-beta-robot/install/dis_tutorial3/share/dis_tutorial3//maps/map1.yaml
[0.050s] -- Up-to-date: /home/beta/RINS-beta-robot/install/dis_tutorial3/share/dis_tutorial3//maps/map_path_points.pgm
[0.050s] -- Up-to-date: /home/beta/RINS-beta-robot/install/dis_tutorial3/share/dis_tutorial3//maps/map.pgm
[0.050s] -- Up-to-date: /home/beta/RINS-beta-robot/install/dis_tutorial3/share/dis_tutorial3//maps/mapOld.pgm
[0.050s] -- Up-to-date: /home/beta/RINS-beta-robot/install/dis_tutorial3/share/dis_tutorial3//maps/map.yaml
[0.050s] -- Up-to-date: /home/beta/RINS-beta-robot/install/dis_tutorial3/share/dis_tutorial3/scripts
[0.050s] -- Up-to-date: /home/beta/RINS-beta-robot/install/dis_tutorial3/share/dis_tutorial3/scripts/robot_pos.txt
[0.050s] -- Up-to-date: /home/beta/RINS-beta-robot/install/dis_tutorial3/share/dis_tutorial3/scripts/faces_pos.txt
[0.050s] -- Up-to-date: /home/beta/RINS-beta-robot/install/dis_tutorial3/lib/dis_tutorial3/detect_people.py
[0.050s] -- Installing: /home/beta/RINS-beta-robot/install/dis_tutorial3/lib/dis_tutorial3/robot_commander.py
[0.050s] -- Up-to-date: /home/beta/RINS-beta-robot/install/dis_tutorial3/lib/dis_tutorial3/detect_rings.py
[0.050s] -- Up-to-date: /home/beta/RINS-beta-robot/install/dis_tutorial3/lib/dis_tutorial3/detect_people1.py
[0.051s] -- Up-to-date: /home/beta/RINS-beta-robot/install/dis_tutorial3/lib/dis_tutorial3/speak.py
[0.051s] -- Up-to-date: /home/beta/RINS-beta-robot/install/dis_tutorial3/lib/dis_tutorial3/rings_mask.py
[0.051s] -- Up-to-date: /home/beta/RINS-beta-robot/install/dis_tutorial3/lib/dis_tutorial3/skeletonized_path.py
[0.051s] -- Up-to-date: /home/beta/RINS-beta-robot/install/dis_tutorial3/share/ament_index/resource_index/package_run_dependencies/dis_tutorial3
[0.051s] -- Up-to-date: /home/beta/RINS-beta-robot/install/dis_tutorial3/share/ament_index/resource_index/parent_prefix_path/dis_tutorial3
[0.051s] -- Up-to-date: /home/beta/RINS-beta-robot/install/dis_tutorial3/share/dis_tutorial3/environment/ament_prefix_path.sh
[0.051s] -- Up-to-date: /home/beta/RINS-beta-robot/install/dis_tutorial3/share/dis_tutorial3/environment/ament_prefix_path.dsv
[0.051s] -- Up-to-date: /home/beta/RINS-beta-robot/install/dis_tutorial3/share/dis_tutorial3/environment/path.sh
[0.051s] -- Up-to-date: /home/beta/RINS-beta-robot/install/dis_tutorial3/share/dis_tutorial3/environment/path.dsv
[0.051s] -- Up-to-date: /home/beta/RINS-beta-robot/install/dis_tutorial3/share/dis_tutorial3/local_setup.bash
[0.051s] -- Up-to-date: /home/beta/RINS-beta-robot/install/dis_tutorial3/share/dis_tutorial3/local_setup.sh
[0.051s] -- Up-to-date: /home/beta/RINS-beta-robot/install/dis_tutorial3/share/dis_tutorial3/local_setup.zsh
[0.051s] -- Up-to-date: /home/beta/RINS-beta-robot/install/dis_tutorial3/share/dis_tutorial3/local_setup.dsv
[0.051s] -- Installing: /home/beta/RINS-beta-robot/install/dis_tutorial3/share/dis_tutorial3/package.dsv
[0.051s] -- Up-to-date: /home/beta/RINS-beta-robot/install/dis_tutorial3/share/ament_index/resource_index/packages/dis_tutorial3
[0.051s] -- Up-to-date: /home/beta/RINS-beta-robot/install/dis_tutorial3/share/dis_tutorial3/cmake/dis_tutorial3Config.cmake
[0.051s] -- Up-to-date: /home/beta/RINS-beta-robot/install/dis_tutorial3/share/dis_tutorial3/cmake/dis_tutorial3Config-version.cmake
[0.051s] -- Up-to-date: /home/beta/RINS-beta-robot/install/dis_tutorial3/share/dis_tutorial3/package.xml
[0.051s] Invoked command in '/home/beta/RINS-beta-robot/build/dis_tutorial3' returned '0': CMAKE_PREFIX_PATH=${CMAKE_PREFIX_PATH}:/opt/ros/humble /usr/bin/cmake --install /home/beta/RINS-beta-robot/build/dis_tutorial3
