-- Install configuration: ""
-- Up-to-date: /home/beta/RINS-beta-robot/install/dis_tutorial3/share/dis_tutorial3//launch
-- Up-to-date: /home/beta/RINS-beta-robot/install/dis_tutorial3/share/dis_tutorial3//launch/sim_turtlebot_slam.launch.py
-- Up-to-date: /home/beta/RINS-beta-robot/install/dis_tutorial3/share/dis_tutorial3//launch/localization.launch.py
-- Up-to-date: /home/beta/RINS-beta-robot/install/dis_tutorial3/share/dis_tutorial3//launch/create3_nodes.launch.py
-- Up-to-date: /home/beta/RINS-beta-robot/install/dis_tutorial3/share/dis_tutorial3//launch/sim_turtlebot_nav.launch.py
-- Up-to-date: /home/beta/RINS-beta-robot/install/dis_tutorial3/share/dis_tutorial3//launch/dis_sim.launch.py
-- Up-to-date: /home/beta/RINS-beta-robot/install/dis_tutorial3/share/dis_tutorial3//launch/skeletonized_path.launch.py
-- Up-to-date: /home/beta/RINS-beta-robot/install/dis_tutorial3/share/dis_tutorial3//launch/turtlebot4_spawn.launch.py
-- Up-to-date: /home/beta/RINS-beta-robot/install/dis_tutorial3/share/dis_tutorial3//launch/ignition.launch.py
-- Up-to-date: /home/beta/RINS-beta-robot/install/dis_tutorial3/share/dis_tutorial3//launch/turtlebot4_spawn_nav.launch.py
-- Up-to-date: /home/beta/RINS-beta-robot/install/dis_tutorial3/share/dis_tutorial3//launch/slam.launch.py
-- Up-to-date: /home/beta/RINS-beta-robot/install/dis_tutorial3/share/dis_tutorial3//launch/nav2.launch.py
-- Up-to-date: /home/beta/RINS-beta-robot/install/dis_tutorial3/share/dis_tutorial3//config
-- Up-to-date: /home/beta/RINS-beta-robot/install/dis_tutorial3/share/dis_tutorial3//config/nav2.yaml
-- Up-to-date: /home/beta/RINS-beta-robot/install/dis_tutorial3/share/dis_tutorial3//config/slam.yaml
-- Up-to-date: /home/beta/RINS-beta-robot/install/dis_tutorial3/share/dis_tutorial3//config/localization.yaml
-- Up-to-date: /home/beta/RINS-beta-robot/install/dis_tutorial3/share/dis_tutorial3//config/laser_filter_chain.yaml
-- Up-to-date: /home/beta/RINS-beta-robot/install/dis_tutorial3/share/dis_tutorial3//worlds
-- Up-to-date: /home/beta/RINS-beta-robot/install/dis_tutorial3/share/dis_tutorial3//worlds/demo1_meshes
-- Up-to-date: /home/beta/RINS-beta-robot/install/dis_tutorial3/share/dis_tutorial3//worlds/demo1_meshes/fakering3.jpg
-- Up-to-date: /home/beta/RINS-beta-robot/install/dis_tutorial3/share/dis_tutorial3//worlds/demo1_meshes/objects.jpg
-- Up-to-date: /home/beta/RINS-beta-robot/install/dis_tutorial3/share/dis_tutorial3//worlds/demo1_meshes/person5.png
-- Up-to-date: /home/beta/RINS-beta-robot/install/dis_tutorial3/share/dis_tutorial3//worlds/demo1_meshes/person2.png
-- Up-to-date: /home/beta/RINS-beta-robot/install/dis_tutorial3/share/dis_tutorial3//worlds/demo1_meshes/fakering1.jpg
-- Up-to-date: /home/beta/RINS-beta-robot/install/dis_tutorial3/share/dis_tutorial3//worlds/demo1_meshes/parking_space.jpg
-- Up-to-date: /home/beta/RINS-beta-robot/install/dis_tutorial3/share/dis_tutorial3//worlds/demo1_meshes/person3.png
-- Up-to-date: /home/beta/RINS-beta-robot/install/dis_tutorial3/share/dis_tutorial3//worlds/demo1_meshes/ground.jpg
-- Up-to-date: /home/beta/RINS-beta-robot/install/dis_tutorial3/share/dis_tutorial3//worlds/demo1_meshes/cylinders.jpg
-- Up-to-date: /home/beta/RINS-beta-robot/install/dis_tutorial3/share/dis_tutorial3//worlds/demo1_meshes/fakering2.jpg
-- Up-to-date: /home/beta/RINS-beta-robot/install/dis_tutorial3/share/dis_tutorial3//worlds/demo1_meshes/qr2.jpg
-- Up-to-date: /home/beta/RINS-beta-robot/install/dis_tutorial3/share/dis_tutorial3//worlds/demo1_meshes/map_colliders.dae
-- Up-to-date: /home/beta/RINS-beta-robot/install/dis_tutorial3/share/dis_tutorial3//worlds/demo1_meshes/map.dae
-- Up-to-date: /home/beta/RINS-beta-robot/install/dis_tutorial3/share/dis_tutorial3//worlds/demo1_meshes/person1.png
-- Up-to-date: /home/beta/RINS-beta-robot/install/dis_tutorial3/share/dis_tutorial3//worlds/demo1_meshes/person11.png
-- Up-to-date: /home/beta/RINS-beta-robot/install/dis_tutorial3/share/dis_tutorial3//worlds/demo1_meshes/person4.png
-- Up-to-date: /home/beta/RINS-beta-robot/install/dis_tutorial3/share/dis_tutorial3//worlds/demo1_meshes/qr1.jpg
-- Up-to-date: /home/beta/RINS-beta-robot/install/dis_tutorial3/share/dis_tutorial3//worlds/demo1.sdf
-- Up-to-date: /home/beta/RINS-beta-robot/install/dis_tutorial3/share/dis_tutorial3//worlds/demo2_meshes
-- Up-to-date: /home/beta/RINS-beta-robot/install/dis_tutorial3/share/dis_tutorial3//worlds/demo2_meshes/fakering3.jpg
-- Up-to-date: /home/beta/RINS-beta-robot/install/dis_tutorial3/share/dis_tutorial3//worlds/demo2_meshes/objects.jpg
-- Up-to-date: /home/beta/RINS-beta-robot/install/dis_tutorial3/share/dis_tutorial3//worlds/demo2_meshes/person6.png
-- Up-to-date: /home/beta/RINS-beta-robot/install/dis_tutorial3/share/dis_tutorial3//worlds/demo2_meshes/person8.png
-- Up-to-date: /home/beta/RINS-beta-robot/install/dis_tutorial3/share/dis_tutorial3//worlds/demo2_meshes/fakering1.jpg
-- Up-to-date: /home/beta/RINS-beta-robot/install/dis_tutorial3/share/dis_tutorial3//worlds/demo2_meshes/parking_space.jpg
-- Up-to-date: /home/beta/RINS-beta-robot/install/dis_tutorial3/share/dis_tutorial3//worlds/demo2_meshes/person20.png
-- Up-to-date: /home/beta/RINS-beta-robot/install/dis_tutorial3/share/dis_tutorial3//worlds/demo2_meshes/ground.jpg
-- Up-to-date: /home/beta/RINS-beta-robot/install/dis_tutorial3/share/dis_tutorial3//worlds/demo2_meshes/cylinders.jpg
-- Up-to-date: /home/beta/RINS-beta-robot/install/dis_tutorial3/share/dis_tutorial3//worlds/demo2_meshes/fakering2.jpg
-- Up-to-date: /home/beta/RINS-beta-robot/install/dis_tutorial3/share/dis_tutorial3//worlds/demo2_meshes/qr2.jpg
-- Up-to-date: /home/beta/RINS-beta-robot/install/dis_tutorial3/share/dis_tutorial3//worlds/demo2_meshes/map_colliders.dae
-- Up-to-date: /home/beta/RINS-beta-robot/install/dis_tutorial3/share/dis_tutorial3//worlds/demo2_meshes/map.dae
-- Up-to-date: /home/beta/RINS-beta-robot/install/dis_tutorial3/share/dis_tutorial3//worlds/demo2_meshes/person9.png
-- Up-to-date: /home/beta/RINS-beta-robot/install/dis_tutorial3/share/dis_tutorial3//worlds/demo2_meshes/person18.png
-- Up-to-date: /home/beta/RINS-beta-robot/install/dis_tutorial3/share/dis_tutorial3//worlds/demo2_meshes/person7.png
-- Up-to-date: /home/beta/RINS-beta-robot/install/dis_tutorial3/share/dis_tutorial3//worlds/demo2_meshes/qr1.jpg
-- Up-to-date: /home/beta/RINS-beta-robot/install/dis_tutorial3/share/dis_tutorial3//worlds/task1.sdf
-- Up-to-date: /home/beta/RINS-beta-robot/install/dis_tutorial3/share/dis_tutorial3//worlds/dis.sdf
-- Up-to-date: /home/beta/RINS-beta-robot/install/dis_tutorial3/share/dis_tutorial3//worlds/demo3_meshes
-- Up-to-date: /home/beta/RINS-beta-robot/install/dis_tutorial3/share/dis_tutorial3//worlds/demo3_meshes/fakering3.jpg
-- Up-to-date: /home/beta/RINS-beta-robot/install/dis_tutorial3/share/dis_tutorial3//worlds/demo3_meshes/objects.jpg
-- Up-to-date: /home/beta/RINS-beta-robot/install/dis_tutorial3/share/dis_tutorial3//worlds/demo3_meshes/person21.png
-- Up-to-date: /home/beta/RINS-beta-robot/install/dis_tutorial3/share/dis_tutorial3//worlds/demo3_meshes/person24.png
-- Up-to-date: /home/beta/RINS-beta-robot/install/dis_tutorial3/share/dis_tutorial3//worlds/demo3_meshes/blue.jpg
-- Up-to-date: /home/beta/RINS-beta-robot/install/dis_tutorial3/share/dis_tutorial3//worlds/demo3_meshes/fakering1.jpg
-- Up-to-date: /home/beta/RINS-beta-robot/install/dis_tutorial3/share/dis_tutorial3//worlds/demo3_meshes/parking_space.jpg
-- Up-to-date: /home/beta/RINS-beta-robot/install/dis_tutorial3/share/dis_tutorial3//worlds/demo3_meshes/ground.jpg
-- Up-to-date: /home/beta/RINS-beta-robot/install/dis_tutorial3/share/dis_tutorial3//worlds/demo3_meshes/red.jpg
-- Up-to-date: /home/beta/RINS-beta-robot/install/dis_tutorial3/share/dis_tutorial3//worlds/demo3_meshes/person15.png
-- Up-to-date: /home/beta/RINS-beta-robot/install/dis_tutorial3/share/dis_tutorial3//worlds/demo3_meshes/fakering2.jpg
-- Up-to-date: /home/beta/RINS-beta-robot/install/dis_tutorial3/share/dis_tutorial3//worlds/demo3_meshes/qr2.jpg
-- Up-to-date: /home/beta/RINS-beta-robot/install/dis_tutorial3/share/dis_tutorial3//worlds/demo3_meshes/map_colliders.dae
-- Up-to-date: /home/beta/RINS-beta-robot/install/dis_tutorial3/share/dis_tutorial3//worlds/demo3_meshes/person17.png
-- Up-to-date: /home/beta/RINS-beta-robot/install/dis_tutorial3/share/dis_tutorial3//worlds/demo3_meshes/map.dae
-- Up-to-date: /home/beta/RINS-beta-robot/install/dis_tutorial3/share/dis_tutorial3//worlds/demo3_meshes/green.jpg
-- Up-to-date: /home/beta/RINS-beta-robot/install/dis_tutorial3/share/dis_tutorial3//worlds/demo3_meshes/yellow.jpg
-- Up-to-date: /home/beta/RINS-beta-robot/install/dis_tutorial3/share/dis_tutorial3//worlds/demo3_meshes/black.jpg
-- Up-to-date: /home/beta/RINS-beta-robot/install/dis_tutorial3/share/dis_tutorial3//worlds/demo3_meshes/person22.png
-- Up-to-date: /home/beta/RINS-beta-robot/install/dis_tutorial3/share/dis_tutorial3//worlds/demo3_meshes/qr1.jpg
-- Up-to-date: /home/beta/RINS-beta-robot/install/dis_tutorial3/share/dis_tutorial3//worlds/demo4_meshes
-- Up-to-date: /home/beta/RINS-beta-robot/install/dis_tutorial3/share/dis_tutorial3//worlds/demo4_meshes/fakering3.jpg
-- Up-to-date: /home/beta/RINS-beta-robot/install/dis_tutorial3/share/dis_tutorial3//worlds/demo4_meshes/objects.jpg
-- Up-to-date: /home/beta/RINS-beta-robot/install/dis_tutorial3/share/dis_tutorial3//worlds/demo4_meshes/person4.png.001.png
-- Up-to-date: /home/beta/RINS-beta-robot/install/dis_tutorial3/share/dis_tutorial3//worlds/demo4_meshes/person6.png
-- Up-to-date: /home/beta/RINS-beta-robot/install/dis_tutorial3/share/dis_tutorial3//worlds/demo4_meshes/blue.jpg
-- Up-to-date: /home/beta/RINS-beta-robot/install/dis_tutorial3/share/dis_tutorial3//worlds/demo4_meshes/fakering1.jpg
-- Up-to-date: /home/beta/RINS-beta-robot/install/dis_tutorial3/share/dis_tutorial3//worlds/demo4_meshes/person2.png.001.png
-- Up-to-date: /home/beta/RINS-beta-robot/install/dis_tutorial3/share/dis_tutorial3//worlds/demo4_meshes/parking_space.jpg
-- Up-to-date: /home/beta/RINS-beta-robot/install/dis_tutorial3/share/dis_tutorial3//worlds/demo4_meshes/ground.jpg
-- Up-to-date: /home/beta/RINS-beta-robot/install/dis_tutorial3/share/dis_tutorial3//worlds/demo4_meshes/red.jpg
-- Up-to-date: /home/beta/RINS-beta-robot/install/dis_tutorial3/share/dis_tutorial3//worlds/demo4_meshes/person3.png.001.png
-- Up-to-date: /home/beta/RINS-beta-robot/install/dis_tutorial3/share/dis_tutorial3//worlds/demo4_meshes/fakering2.jpg
-- Up-to-date: /home/beta/RINS-beta-robot/install/dis_tutorial3/share/dis_tutorial3//worlds/demo4_meshes/qr2.jpg
-- Up-to-date: /home/beta/RINS-beta-robot/install/dis_tutorial3/share/dis_tutorial3//worlds/demo4_meshes/person13.png
-- Up-to-date: /home/beta/RINS-beta-robot/install/dis_tutorial3/share/dis_tutorial3//worlds/demo4_meshes/person5.png.001.png
-- Up-to-date: /home/beta/RINS-beta-robot/install/dis_tutorial3/share/dis_tutorial3//worlds/demo4_meshes/map_colliders.dae
-- Up-to-date: /home/beta/RINS-beta-robot/install/dis_tutorial3/share/dis_tutorial3//worlds/demo4_meshes/map.dae
-- Up-to-date: /home/beta/RINS-beta-robot/install/dis_tutorial3/share/dis_tutorial3//worlds/demo4_meshes/green.jpg
-- Up-to-date: /home/beta/RINS-beta-robot/install/dis_tutorial3/share/dis_tutorial3//worlds/demo4_meshes/yellow.jpg
-- Up-to-date: /home/beta/RINS-beta-robot/install/dis_tutorial3/share/dis_tutorial3//worlds/demo4_meshes/black.jpg
-- Up-to-date: /home/beta/RINS-beta-robot/install/dis_tutorial3/share/dis_tutorial3//worlds/demo4_meshes/qr1.jpg
-- Up-to-date: /home/beta/RINS-beta-robot/install/dis_tutorial3/share/dis_tutorial3//worlds/dis_meshes
-- Up-to-date: /home/beta/RINS-beta-robot/install/dis_tutorial3/share/dis_tutorial3//worlds/dis_meshes/fakering3.jpg
-- Up-to-date: /home/beta/RINS-beta-robot/install/dis_tutorial3/share/dis_tutorial3//worlds/dis_meshes/objects.jpg
-- Up-to-date: /home/beta/RINS-beta-robot/install/dis_tutorial3/share/dis_tutorial3//worlds/dis_meshes/person3.jpg
-- Up-to-date: /home/beta/RINS-beta-robot/install/dis_tutorial3/share/dis_tutorial3//worlds/dis_meshes/mona1.jpg
-- Up-to-date: /home/beta/RINS-beta-robot/install/dis_tutorial3/share/dis_tutorial3//worlds/dis_meshes/fakering1.jpg
-- Up-to-date: /home/beta/RINS-beta-robot/install/dis_tutorial3/share/dis_tutorial3//worlds/dis_meshes/person2.jpg
-- Up-to-date: /home/beta/RINS-beta-robot/install/dis_tutorial3/share/dis_tutorial3//worlds/dis_meshes/parking_space.jpg
-- Up-to-date: /home/beta/RINS-beta-robot/install/dis_tutorial3/share/dis_tutorial3//worlds/dis_meshes/person5.jpg
-- Up-to-date: /home/beta/RINS-beta-robot/install/dis_tutorial3/share/dis_tutorial3//worlds/dis_meshes/ground.jpg
-- Up-to-date: /home/beta/RINS-beta-robot/install/dis_tutorial3/share/dis_tutorial3//worlds/dis_meshes/cylinders.jpg
-- Up-to-date: /home/beta/RINS-beta-robot/install/dis_tutorial3/share/dis_tutorial3//worlds/dis_meshes/fakering2.jpg
-- Up-to-date: /home/beta/RINS-beta-robot/install/dis_tutorial3/share/dis_tutorial3//worlds/dis_meshes/person4.jpg
-- Up-to-date: /home/beta/RINS-beta-robot/install/dis_tutorial3/share/dis_tutorial3//worlds/dis_meshes/davinci.jpg
-- Up-to-date: /home/beta/RINS-beta-robot/install/dis_tutorial3/share/dis_tutorial3//worlds/dis_meshes/qr2.jpg
-- Up-to-date: /home/beta/RINS-beta-robot/install/dis_tutorial3/share/dis_tutorial3//worlds/dis_meshes/map_colliders.dae
-- Up-to-date: /home/beta/RINS-beta-robot/install/dis_tutorial3/share/dis_tutorial3//worlds/dis_meshes/wood.jpg
-- Up-to-date: /home/beta/RINS-beta-robot/install/dis_tutorial3/share/dis_tutorial3//worlds/dis_meshes/person1.jpg
-- Up-to-date: /home/beta/RINS-beta-robot/install/dis_tutorial3/share/dis_tutorial3//worlds/dis_meshes/map.dae
-- Up-to-date: /home/beta/RINS-beta-robot/install/dis_tutorial3/share/dis_tutorial3//worlds/dis_meshes/qr1.jpg
-- Up-to-date: /home/beta/RINS-beta-robot/install/dis_tutorial3/share/dis_tutorial3//worlds/demo2.sdf
-- Up-to-date: /home/beta/RINS-beta-robot/install/dis_tutorial3/share/dis_tutorial3//worlds/2024
-- Up-to-date: /home/beta/RINS-beta-robot/install/dis_tutorial3/share/dis_tutorial3//worlds/2024/task3_meshes
-- Up-to-date: /home/beta/RINS-beta-robot/install/dis_tutorial3/share/dis_tutorial3//worlds/2024/task3_meshes/easy_anomona_3.png
-- Up-to-date: /home/beta/RINS-beta-robot/install/dis_tutorial3/share/dis_tutorial3//worlds/2024/task3_meshes/easy_anomona_1.png
-- Up-to-date: /home/beta/RINS-beta-robot/install/dis_tutorial3/share/dis_tutorial3//worlds/2024/task3_meshes/fakering3.jpg
-- Up-to-date: /home/beta/RINS-beta-robot/install/dis_tutorial3/share/dis_tutorial3//worlds/2024/task3_meshes/objects.jpg
-- Up-to-date: /home/beta/RINS-beta-robot/install/dis_tutorial3/share/dis_tutorial3//worlds/2024/task3_meshes/qr_url.png
-- Up-to-date: /home/beta/RINS-beta-robot/install/dis_tutorial3/share/dis_tutorial3//worlds/2024/task3_meshes/villager4.png
-- Up-to-date: /home/beta/RINS-beta-robot/install/dis_tutorial3/share/dis_tutorial3//worlds/2024/task3_meshes/mona.png
-- Up-to-date: /home/beta/RINS-beta-robot/install/dis_tutorial3/share/dis_tutorial3//worlds/2024/task3_meshes/villager2.png
-- Up-to-date: /home/beta/RINS-beta-robot/install/dis_tutorial3/share/dis_tutorial3//worlds/2024/task3_meshes/anomona_1.png
-- Up-to-date: /home/beta/RINS-beta-robot/install/dis_tutorial3/share/dis_tutorial3//worlds/2024/task3_meshes/easy_anomona_0.png
-- Up-to-date: /home/beta/RINS-beta-robot/install/dis_tutorial3/share/dis_tutorial3//worlds/2024/task3_meshes/qr_cheat.png
-- Up-to-date: /home/beta/RINS-beta-robot/install/dis_tutorial3/share/dis_tutorial3//worlds/2024/task3_meshes/fakering1.jpg
-- Up-to-date: /home/beta/RINS-beta-robot/install/dis_tutorial3/share/dis_tutorial3//worlds/2024/task3_meshes/parking_space.jpg
-- Up-to-date: /home/beta/RINS-beta-robot/install/dis_tutorial3/share/dis_tutorial3//worlds/2024/task3_meshes/anomona_2.png
-- Up-to-date: /home/beta/RINS-beta-robot/install/dis_tutorial3/share/dis_tutorial3//worlds/2024/task3_meshes/ground.jpg
-- Up-to-date: /home/beta/RINS-beta-robot/install/dis_tutorial3/share/dis_tutorial3//worlds/2024/task3_meshes/villager5.png
-- Up-to-date: /home/beta/RINS-beta-robot/install/dis_tutorial3/share/dis_tutorial3//worlds/2024/task3_meshes/villager1.png
-- Up-to-date: /home/beta/RINS-beta-robot/install/dis_tutorial3/share/dis_tutorial3//worlds/2024/task3_meshes/cylinders.jpg
-- Up-to-date: /home/beta/RINS-beta-robot/install/dis_tutorial3/share/dis_tutorial3//worlds/2024/task3_meshes/villager3.png
-- Up-to-date: /home/beta/RINS-beta-robot/install/dis_tutorial3/share/dis_tutorial3//worlds/2024/task3_meshes/fakering2.jpg
-- Up-to-date: /home/beta/RINS-beta-robot/install/dis_tutorial3/share/dis_tutorial3//worlds/2024/task3_meshes/map_colliders.dae
-- Up-to-date: /home/beta/RINS-beta-robot/install/dis_tutorial3/share/dis_tutorial3//worlds/2024/task3_meshes/anomona_3.png
-- Up-to-date: /home/beta/RINS-beta-robot/install/dis_tutorial3/share/dis_tutorial3//worlds/2024/task3_meshes/qr_wrong.png
-- Up-to-date: /home/beta/RINS-beta-robot/install/dis_tutorial3/share/dis_tutorial3//worlds/2024/task3_meshes/easy_anomona_2.png
-- Up-to-date: /home/beta/RINS-beta-robot/install/dis_tutorial3/share/dis_tutorial3//worlds/2024/task3_meshes/anomona_4.png
-- Up-to-date: /home/beta/RINS-beta-robot/install/dis_tutorial3/share/dis_tutorial3//worlds/2024/task3_meshes/map.dae
-- Up-to-date: /home/beta/RINS-beta-robot/install/dis_tutorial3/share/dis_tutorial3//worlds/2024/task3_meshes/anomona_0.png
-- Up-to-date: /home/beta/RINS-beta-robot/install/dis_tutorial3/share/dis_tutorial3//worlds/2024/task3_meshes/easy_anomona_4.png
-- Up-to-date: /home/beta/RINS-beta-robot/install/dis_tutorial3/share/dis_tutorial3//worlds/2024/task2_demo2.sdf
-- Up-to-date: /home/beta/RINS-beta-robot/install/dis_tutorial3/share/dis_tutorial3//worlds/2024/task2_demo2_meshes
-- Up-to-date: /home/beta/RINS-beta-robot/install/dis_tutorial3/share/dis_tutorial3//worlds/2024/task2_demo2_meshes/fakering3.jpg
-- Up-to-date: /home/beta/RINS-beta-robot/install/dis_tutorial3/share/dis_tutorial3//worlds/2024/task2_demo2_meshes/objects.jpg
-- Up-to-date: /home/beta/RINS-beta-robot/install/dis_tutorial3/share/dis_tutorial3//worlds/2024/task2_demo2_meshes/fakering1.jpg
-- Up-to-date: /home/beta/RINS-beta-robot/install/dis_tutorial3/share/dis_tutorial3//worlds/2024/task2_demo2_meshes/parking_space.jpg
-- Up-to-date: /home/beta/RINS-beta-robot/install/dis_tutorial3/share/dis_tutorial3//worlds/2024/task2_demo2_meshes/ground.jpg
-- Up-to-date: /home/beta/RINS-beta-robot/install/dis_tutorial3/share/dis_tutorial3//worlds/2024/task2_demo2_meshes/cylinders.jpg
-- Up-to-date: /home/beta/RINS-beta-robot/install/dis_tutorial3/share/dis_tutorial3//worlds/2024/task2_demo2_meshes/fakering2.jpg
-- Up-to-date: /home/beta/RINS-beta-robot/install/dis_tutorial3/share/dis_tutorial3//worlds/2024/task2_demo2_meshes/map_colliders.dae
-- Up-to-date: /home/beta/RINS-beta-robot/install/dis_tutorial3/share/dis_tutorial3//worlds/2024/task2_demo2_meshes/map.dae
-- Up-to-date: /home/beta/RINS-beta-robot/install/dis_tutorial3/share/dis_tutorial3//worlds/2024/task2_demo1.sdf
-- Up-to-date: /home/beta/RINS-beta-robot/install/dis_tutorial3/share/dis_tutorial3//worlds/2024/task2_demo1_meshes
-- Up-to-date: /home/beta/RINS-beta-robot/install/dis_tutorial3/share/dis_tutorial3//worlds/2024/task2_demo1_meshes/fakering3.jpg
-- Up-to-date: /home/beta/RINS-beta-robot/install/dis_tutorial3/share/dis_tutorial3//worlds/2024/task2_demo1_meshes/objects.jpg
-- Up-to-date: /home/beta/RINS-beta-robot/install/dis_tutorial3/share/dis_tutorial3//worlds/2024/task2_demo1_meshes/fakering1.jpg
-- Up-to-date: /home/beta/RINS-beta-robot/install/dis_tutorial3/share/dis_tutorial3//worlds/2024/task2_demo1_meshes/parking_space.jpg
-- Up-to-date: /home/beta/RINS-beta-robot/install/dis_tutorial3/share/dis_tutorial3//worlds/2024/task2_demo1_meshes/ground.jpg
-- Up-to-date: /home/beta/RINS-beta-robot/install/dis_tutorial3/share/dis_tutorial3//worlds/2024/task2_demo1_meshes/cylinders.jpg
-- Up-to-date: /home/beta/RINS-beta-robot/install/dis_tutorial3/share/dis_tutorial3//worlds/2024/task2_demo1_meshes/fakering2.jpg
-- Up-to-date: /home/beta/RINS-beta-robot/install/dis_tutorial3/share/dis_tutorial3//worlds/2024/task2_demo1_meshes/map_colliders.dae
-- Up-to-date: /home/beta/RINS-beta-robot/install/dis_tutorial3/share/dis_tutorial3//worlds/2024/task2_demo1_meshes/map.dae
-- Up-to-date: /home/beta/RINS-beta-robot/install/dis_tutorial3/share/dis_tutorial3//worlds/2024/task3.sdf
-- Up-to-date: /home/beta/RINS-beta-robot/install/dis_tutorial3/share/dis_tutorial3//worlds/task1_meshes
-- Up-to-date: /home/beta/RINS-beta-robot/install/dis_tutorial3/share/dis_tutorial3//worlds/task1_meshes/fakering3.jpg
-- Up-to-date: /home/beta/RINS-beta-robot/install/dis_tutorial3/share/dis_tutorial3//worlds/task1_meshes/objects.jpg
-- Up-to-date: /home/beta/RINS-beta-robot/install/dis_tutorial3/share/dis_tutorial3//worlds/task1_meshes/person6.png
-- Up-to-date: /home/beta/RINS-beta-robot/install/dis_tutorial3/share/dis_tutorial3//worlds/task1_meshes/person8.png
-- Up-to-date: /home/beta/RINS-beta-robot/install/dis_tutorial3/share/dis_tutorial3//worlds/task1_meshes/blue.jpg
-- Up-to-date: /home/beta/RINS-beta-robot/install/dis_tutorial3/share/dis_tutorial3//worlds/task1_meshes/fakering1.jpg
-- Up-to-date: /home/beta/RINS-beta-robot/install/dis_tutorial3/share/dis_tutorial3//worlds/task1_meshes/person2.png.001.png
-- Up-to-date: /home/beta/RINS-beta-robot/install/dis_tutorial3/share/dis_tutorial3//worlds/task1_meshes/parking_space.jpg
-- Up-to-date: /home/beta/RINS-beta-robot/install/dis_tutorial3/share/dis_tutorial3//worlds/task1_meshes/ground.jpg
-- Up-to-date: /home/beta/RINS-beta-robot/install/dis_tutorial3/share/dis_tutorial3//worlds/task1_meshes/red.jpg
-- Up-to-date: /home/beta/RINS-beta-robot/install/dis_tutorial3/share/dis_tutorial3//worlds/task1_meshes/person3.png.001.png
-- Up-to-date: /home/beta/RINS-beta-robot/install/dis_tutorial3/share/dis_tutorial3//worlds/task1_meshes/fakering2.jpg
-- Up-to-date: /home/beta/RINS-beta-robot/install/dis_tutorial3/share/dis_tutorial3//worlds/task1_meshes/qr2.jpg
-- Up-to-date: /home/beta/RINS-beta-robot/install/dis_tutorial3/share/dis_tutorial3//worlds/task1_meshes/person13.png
-- Up-to-date: /home/beta/RINS-beta-robot/install/dis_tutorial3/share/dis_tutorial3//worlds/task1_meshes/person5.png.001.png
-- Up-to-date: /home/beta/RINS-beta-robot/install/dis_tutorial3/share/dis_tutorial3//worlds/task1_meshes/map_colliders.dae
-- Up-to-date: /home/beta/RINS-beta-robot/install/dis_tutorial3/share/dis_tutorial3//worlds/task1_meshes/map.dae
-- Up-to-date: /home/beta/RINS-beta-robot/install/dis_tutorial3/share/dis_tutorial3//worlds/task1_meshes/green.jpg
-- Up-to-date: /home/beta/RINS-beta-robot/install/dis_tutorial3/share/dis_tutorial3//worlds/task1_meshes/yellow.jpg
-- Up-to-date: /home/beta/RINS-beta-robot/install/dis_tutorial3/share/dis_tutorial3//worlds/task1_meshes/black.jpg
-- Up-to-date: /home/beta/RINS-beta-robot/install/dis_tutorial3/share/dis_tutorial3//worlds/task1_meshes/qr1.jpg
-- Up-to-date: /home/beta/RINS-beta-robot/install/dis_tutorial3/share/dis_tutorial3//worlds/demo3.sdf
-- Up-to-date: /home/beta/RINS-beta-robot/install/dis_tutorial3/share/dis_tutorial3//worlds/empty.sdf
-- Up-to-date: /home/beta/RINS-beta-robot/install/dis_tutorial3/share/dis_tutorial3//worlds/demo4.sdf
-- Up-to-date: /home/beta/RINS-beta-robot/install/dis_tutorial3/share/dis_tutorial3//maps
-- Up-to-date: /home/beta/RINS-beta-robot/install/dis_tutorial3/share/dis_tutorial3//maps/map_cleaned.pgm
-- Up-to-date: /home/beta/RINS-beta-robot/install/dis_tutorial3/share/dis_tutorial3//maps/map1.pgm
-- Up-to-date: /home/beta/RINS-beta-robot/install/dis_tutorial3/share/dis_tutorial3//maps/map_skeleton_proba.pgm
-- Up-to-date: /home/beta/RINS-beta-robot/install/dis_tutorial3/share/dis_tutorial3//maps/map1.yaml
-- Up-to-date: /home/beta/RINS-beta-robot/install/dis_tutorial3/share/dis_tutorial3//maps/map_path_points.pgm
-- Up-to-date: /home/beta/RINS-beta-robot/install/dis_tutorial3/share/dis_tutorial3//maps/map.pgm
-- Up-to-date: /home/beta/RINS-beta-robot/install/dis_tutorial3/share/dis_tutorial3//maps/mapOld.pgm
-- Up-to-date: /home/beta/RINS-beta-robot/install/dis_tutorial3/share/dis_tutorial3//maps/map.yaml
-- Up-to-date: /home/beta/RINS-beta-robot/install/dis_tutorial3/share/dis_tutorial3/scripts
-- Up-to-date: /home/beta/RINS-beta-robot/install/dis_tutorial3/share/dis_tutorial3/scripts/robot_pos.txt
-- Up-to-date: /home/beta/RINS-beta-robot/install/dis_tutorial3/share/dis_tutorial3/scripts/faces_pos.txt
-- Up-to-date: /home/beta/RINS-beta-robot/install/dis_tutorial3/lib/dis_tutorial3/detect_people.py
-- Up-to-date: /home/beta/RINS-beta-robot/install/dis_tutorial3/lib/dis_tutorial3/robot_commander.py
-- Installing: /home/beta/RINS-beta-robot/install/dis_tutorial3/lib/dis_tutorial3/detect_rings.py
-- Up-to-date: /home/beta/RINS-beta-robot/install/dis_tutorial3/lib/dis_tutorial3/detect_people1.py
-- Up-to-date: /home/beta/RINS-beta-robot/install/dis_tutorial3/lib/dis_tutorial3/speak.py
-- Up-to-date: /home/beta/RINS-beta-robot/install/dis_tutorial3/lib/dis_tutorial3/rings_mask.py
-- Up-to-date: /home/beta/RINS-beta-robot/install/dis_tutorial3/lib/dis_tutorial3/skeletonized_path.py
-- Up-to-date: /home/beta/RINS-beta-robot/install/dis_tutorial3/share/ament_index/resource_index/package_run_dependencies/dis_tutorial3
-- Up-to-date: /home/beta/RINS-beta-robot/install/dis_tutorial3/share/ament_index/resource_index/parent_prefix_path/dis_tutorial3
-- Up-to-date: /home/beta/RINS-beta-robot/install/dis_tutorial3/share/dis_tutorial3/environment/ament_prefix_path.sh
-- Up-to-date: /home/beta/RINS-beta-robot/install/dis_tutorial3/share/dis_tutorial3/environment/ament_prefix_path.dsv
-- Up-to-date: /home/beta/RINS-beta-robot/install/dis_tutorial3/share/dis_tutorial3/environment/path.sh
-- Up-to-date: /home/beta/RINS-beta-robot/install/dis_tutorial3/share/dis_tutorial3/environment/path.dsv
-- Up-to-date: /home/beta/RINS-beta-robot/install/dis_tutorial3/share/dis_tutorial3/local_setup.bash
-- Up-to-date: /home/beta/RINS-beta-robot/install/dis_tutorial3/share/dis_tutorial3/local_setup.sh
-- Up-to-date: /home/beta/RINS-beta-robot/install/dis_tutorial3/share/dis_tutorial3/local_setup.zsh
-- Up-to-date: /home/beta/RINS-beta-robot/install/dis_tutorial3/share/dis_tutorial3/local_setup.dsv
-- Installing: /home/beta/RINS-beta-robot/install/dis_tutorial3/share/dis_tutorial3/package.dsv
-- Up-to-date: /home/beta/RINS-beta-robot/install/dis_tutorial3/share/ament_index/resource_index/packages/dis_tutorial3
-- Up-to-date: /home/beta/RINS-beta-robot/install/dis_tutorial3/share/dis_tutorial3/cmake/dis_tutorial3Config.cmake
-- Up-to-date: /home/beta/RINS-beta-robot/install/dis_tutorial3/share/dis_tutorial3/cmake/dis_tutorial3Config-version.cmake
-- Up-to-date: /home/beta/RINS-beta-robot/install/dis_tutorial3/share/dis_tutorial3/package.xml
