[0.008s] Invoking command in '/home/beta/RINS-beta-robot/build/dis_tutorial3': CMAKE_PREFIX_PATH=/opt/ros/humble /usr/bin/cmake /home/beta/RINS-beta-robot/src/dis_tutorial3 -DCMAKE_INSTALL_PREFIX=/home/beta/RINS-beta-robot/install/dis_tutorial3
[0.075s] -- The C compiler identification is GNU 11.4.0
[0.142s] -- The CXX compiler identification is GNU 11.4.0
[0.149s] -- Detecting C compiler ABI info
[0.212s] -- Detecting C compiler ABI info - done
[0.218s] -- Check for working C compiler: /usr/bin/cc - skipped
[0.219s] -- Detecting C compile features
[0.220s] -- Detecting C compile features - done
[0.223s] -- Detecting CXX compiler ABI info
[0.310s] -- Detecting CXX compiler ABI info - done
[0.315s] -- Check for working CXX compiler: /usr/bin/c++ - skipped
[0.315s] -- Detecting CXX compile features
[0.315s] -- Detecting CXX compile features - done
[0.320s] -- Found ament_cmake: 1.3.11 (/opt/ros/humble/share/ament_cmake/cmake)
[0.415s] -- Found Python3: /usr/bin/python3 (found version "3.10.12") found components: Interpreter 
[0.478s] -- Found rclcpp: 16.0.12 (/opt/ros/humble/share/rclcpp/cmake)
[0.511s] -- Found rosidl_generator_c: 3.1.6 (/opt/ros/humble/share/rosidl_generator_c/cmake)
[0.515s] -- Found rosidl_adapter: 3.1.6 (/opt/ros/humble/share/rosidl_adapter/cmake)
[0.522s] -- Found rosidl_generator_cpp: 3.1.6 (/opt/ros/humble/share/rosidl_generator_cpp/cmake)
[0.533s] -- Using all available rosidl_typesupport_c: rosidl_typesupport_fastrtps_c;rosidl_typesupport_introspection_c
[0.545s] -- Using all available rosidl_typesupport_cpp: rosidl_typesupport_fastrtps_cpp;rosidl_typesupport_introspection_cpp
[0.579s] -- Found rmw_implementation_cmake: 6.1.2 (/opt/ros/humble/share/rmw_implementation_cmake/cmake)
[0.581s] -- Found rmw_cyclonedds_cpp: 1.3.4 (/opt/ros/humble/share/rmw_cyclonedds_cpp/cmake)
[0.599s] -- Using RMW implementation 'rmw_cyclonedds_cpp' as default
[0.608s] -- Looking for pthread.h
[0.654s] -- Looking for pthread.h - found
[0.654s] -- Performing Test CMAKE_HAVE_LIBC_PTHREAD
[0.702s] -- Performing Test CMAKE_HAVE_LIBC_PTHREAD - Success
[0.703s] -- Found Threads: TRUE  
[0.749s] -- Found rclpy: 3.3.16 (/opt/ros/humble/share/rclpy/cmake)
[0.750s] -- Found std_srvs: 4.8.0 (/opt/ros/humble/share/std_srvs/cmake)
[0.758s] -- Found nav_msgs: 4.8.0 (/opt/ros/humble/share/nav_msgs/cmake)
[0.781s] -- Found sensor_msgs: 4.8.0 (/opt/ros/humble/share/sensor_msgs/cmake)
[0.793s] -- Found visualization_msgs: 4.8.0 (/opt/ros/humble/share/visualization_msgs/cmake)
[0.807s] -- Found tf2_ros: 0.25.12 (/opt/ros/humble/share/tf2_ros/cmake)
[0.885s] -- Found cv_bridge: 3.2.1 (/opt/ros/humble/share/cv_bridge/cmake)
[0.945s] -- Configuring done
[0.947s] -- Generating done
[0.949s] -- Build files have been written to: /home/beta/RINS-beta-robot/build/dis_tutorial3
[0.955s] Invoked command in '/home/beta/RINS-beta-robot/build/dis_tutorial3' returned '0': CMAKE_PREFIX_PATH=/opt/ros/humble /usr/bin/cmake /home/beta/RINS-beta-robot/src/dis_tutorial3 -DCMAKE_INSTALL_PREFIX=/home/beta/RINS-beta-robot/install/dis_tutorial3
[0.956s] Invoking command in '/home/beta/RINS-beta-robot/build/dis_tutorial3': CMAKE_PREFIX_PATH=/opt/ros/humble /usr/bin/cmake --build /home/beta/RINS-beta-robot/build/dis_tutorial3 -- -j16 -l16
[0.993s] Invoked command in '/home/beta/RINS-beta-robot/build/dis_tutorial3' returned '0': CMAKE_PREFIX_PATH=/opt/ros/humble /usr/bin/cmake --build /home/beta/RINS-beta-robot/build/dis_tutorial3 -- -j16 -l16
[1.006s] Invoking command in '/home/beta/RINS-beta-robot/build/dis_tutorial3': CMAKE_PREFIX_PATH=/opt/ros/humble /usr/bin/cmake --install /home/beta/RINS-beta-robot/build/dis_tutorial3
[1.015s] -- Install configuration: ""
[1.015s] -- Installing: /home/beta/RINS-beta-robot/install/dis_tutorial3/share/dis_tutorial3//launch
[1.016s] -- Installing: /home/beta/RINS-beta-robot/install/dis_tutorial3/share/dis_tutorial3//launch/localization.launch.py
[1.016s] -- Installing: /home/beta/RINS-beta-robot/install/dis_tutorial3/share/dis_tutorial3//launch/dis_sim.launch.py
[1.016s] -- Installing: /home/beta/RINS-beta-robot/install/dis_tutorial3/share/dis_tutorial3//launch/sim_turtlebot_slam.launch.py
[1.016s] -- Installing: /home/beta/RINS-beta-robot/install/dis_tutorial3/share/dis_tutorial3//launch/create3_nodes.launch.py
[1.016s] -- Installing: /home/beta/RINS-beta-robot/install/dis_tutorial3/share/dis_tutorial3//launch/nav2.launch.py
[1.016s] -- Installing: /home/beta/RINS-beta-robot/install/dis_tutorial3/share/dis_tutorial3//launch/skeletonized_path.launch.py
[1.016s] -- Installing: /home/beta/RINS-beta-robot/install/dis_tutorial3/share/dis_tutorial3//launch/ignition.launch.py
[1.016s] -- Installing: /home/beta/RINS-beta-robot/install/dis_tutorial3/share/dis_tutorial3//launch/turtlebot4_spawn.launch.py
[1.017s] -- Installing: /home/beta/RINS-beta-robot/install/dis_tutorial3/share/dis_tutorial3//launch/sim_turtlebot_nav.launch.py
[1.017s] -- Installing: /home/beta/RINS-beta-robot/install/dis_tutorial3/share/dis_tutorial3//launch/turtlebot4_spawn_nav.launch.py
[1.017s] -- Installing: /home/beta/RINS-beta-robot/install/dis_tutorial3/share/dis_tutorial3//launch/slam.launch.py
[1.017s] -- Installing: /home/beta/RINS-beta-robot/install/dis_tutorial3/share/dis_tutorial3//config
[1.017s] -- Installing: /home/beta/RINS-beta-robot/install/dis_tutorial3/share/dis_tutorial3//config/slam.yaml
[1.017s] -- Installing: /home/beta/RINS-beta-robot/install/dis_tutorial3/share/dis_tutorial3//config/nav2.yaml
[1.017s] -- Installing: /home/beta/RINS-beta-robot/install/dis_tutorial3/share/dis_tutorial3//config/localization.yaml
[1.017s] -- Installing: /home/beta/RINS-beta-robot/install/dis_tutorial3/share/dis_tutorial3//config/laser_filter_chain.yaml
[1.017s] -- Installing: /home/beta/RINS-beta-robot/install/dis_tutorial3/share/dis_tutorial3//worlds
[1.017s] -- Installing: /home/beta/RINS-beta-robot/install/dis_tutorial3/share/dis_tutorial3//worlds/demo2.sdf
[1.017s] -- Installing: /home/beta/RINS-beta-robot/install/dis_tutorial3/share/dis_tutorial3//worlds/dis_meshes
[1.017s] -- Installing: /home/beta/RINS-beta-robot/install/dis_tutorial3/share/dis_tutorial3//worlds/dis_meshes/qr2.jpg
[1.017s] -- Installing: /home/beta/RINS-beta-robot/install/dis_tutorial3/share/dis_tutorial3//worlds/dis_meshes/person4.jpg
[1.017s] -- Installing: /home/beta/RINS-beta-robot/install/dis_tutorial3/share/dis_tutorial3//worlds/dis_meshes/mona1.jpg
[1.018s] -- Installing: /home/beta/RINS-beta-robot/install/dis_tutorial3/share/dis_tutorial3//worlds/dis_meshes/ground.jpg
[1.018s] -- Installing: /home/beta/RINS-beta-robot/install/dis_tutorial3/share/dis_tutorial3//worlds/dis_meshes/person1.jpg
[1.018s] -- Installing: /home/beta/RINS-beta-robot/install/dis_tutorial3/share/dis_tutorial3//worlds/dis_meshes/parking_space.jpg
[1.018s] -- Installing: /home/beta/RINS-beta-robot/install/dis_tutorial3/share/dis_tutorial3//worlds/dis_meshes/person5.jpg
[1.018s] -- Installing: /home/beta/RINS-beta-robot/install/dis_tutorial3/share/dis_tutorial3//worlds/dis_meshes/cylinders.jpg
[1.018s] -- Installing: /home/beta/RINS-beta-robot/install/dis_tutorial3/share/dis_tutorial3//worlds/dis_meshes/objects.jpg
[1.018s] -- Installing: /home/beta/RINS-beta-robot/install/dis_tutorial3/share/dis_tutorial3//worlds/dis_meshes/map.dae
[1.019s] -- Installing: /home/beta/RINS-beta-robot/install/dis_tutorial3/share/dis_tutorial3//worlds/dis_meshes/fakering2.jpg
[1.019s] -- Installing: /home/beta/RINS-beta-robot/install/dis_tutorial3/share/dis_tutorial3//worlds/dis_meshes/person3.jpg
[1.019s] -- Installing: /home/beta/RINS-beta-robot/install/dis_tutorial3/share/dis_tutorial3//worlds/dis_meshes/davinci.jpg
[1.019s] -- Installing: /home/beta/RINS-beta-robot/install/dis_tutorial3/share/dis_tutorial3//worlds/dis_meshes/person2.jpg
[1.019s] -- Installing: /home/beta/RINS-beta-robot/install/dis_tutorial3/share/dis_tutorial3//worlds/dis_meshes/fakering3.jpg
[1.019s] -- Installing: /home/beta/RINS-beta-robot/install/dis_tutorial3/share/dis_tutorial3//worlds/dis_meshes/fakering1.jpg
[1.019s] -- Installing: /home/beta/RINS-beta-robot/install/dis_tutorial3/share/dis_tutorial3//worlds/dis_meshes/map_colliders.dae
[1.019s] -- Installing: /home/beta/RINS-beta-robot/install/dis_tutorial3/share/dis_tutorial3//worlds/dis_meshes/qr1.jpg
[1.019s] -- Installing: /home/beta/RINS-beta-robot/install/dis_tutorial3/share/dis_tutorial3//worlds/dis_meshes/wood.jpg
[1.020s] -- Installing: /home/beta/RINS-beta-robot/install/dis_tutorial3/share/dis_tutorial3//worlds/demo3_meshes
[1.020s] -- Installing: /home/beta/RINS-beta-robot/install/dis_tutorial3/share/dis_tutorial3//worlds/demo3_meshes/person15.png
[1.020s] -- Installing: /home/beta/RINS-beta-robot/install/dis_tutorial3/share/dis_tutorial3//worlds/demo3_meshes/qr2.jpg
[1.020s] -- Installing: /home/beta/RINS-beta-robot/install/dis_tutorial3/share/dis_tutorial3//worlds/demo3_meshes/person21.png
[1.020s] -- Installing: /home/beta/RINS-beta-robot/install/dis_tutorial3/share/dis_tutorial3//worlds/demo3_meshes/red.jpg
[1.020s] -- Installing: /home/beta/RINS-beta-robot/install/dis_tutorial3/share/dis_tutorial3//worlds/demo3_meshes/blue.jpg
[1.020s] -- Installing: /home/beta/RINS-beta-robot/install/dis_tutorial3/share/dis_tutorial3//worlds/demo3_meshes/ground.jpg
[1.020s] -- Installing: /home/beta/RINS-beta-robot/install/dis_tutorial3/share/dis_tutorial3//worlds/demo3_meshes/person17.png
[1.020s] -- Installing: /home/beta/RINS-beta-robot/install/dis_tutorial3/share/dis_tutorial3//worlds/demo3_meshes/parking_space.jpg
[1.020s] -- Installing: /home/beta/RINS-beta-robot/install/dis_tutorial3/share/dis_tutorial3//worlds/demo3_meshes/green.jpg
[1.021s] -- Installing: /home/beta/RINS-beta-robot/install/dis_tutorial3/share/dis_tutorial3//worlds/demo3_meshes/person22.png
[1.021s] -- Installing: /home/beta/RINS-beta-robot/install/dis_tutorial3/share/dis_tutorial3//worlds/demo3_meshes/objects.jpg
[1.021s] -- Installing: /home/beta/RINS-beta-robot/install/dis_tutorial3/share/dis_tutorial3//worlds/demo3_meshes/map.dae
[1.021s] -- Installing: /home/beta/RINS-beta-robot/install/dis_tutorial3/share/dis_tutorial3//worlds/demo3_meshes/person24.png
[1.021s] -- Installing: /home/beta/RINS-beta-robot/install/dis_tutorial3/share/dis_tutorial3//worlds/demo3_meshes/black.jpg
[1.021s] -- Installing: /home/beta/RINS-beta-robot/install/dis_tutorial3/share/dis_tutorial3//worlds/demo3_meshes/fakering2.jpg
[1.021s] -- Installing: /home/beta/RINS-beta-robot/install/dis_tutorial3/share/dis_tutorial3//worlds/demo3_meshes/yellow.jpg
[1.021s] -- Installing: /home/beta/RINS-beta-robot/install/dis_tutorial3/share/dis_tutorial3//worlds/demo3_meshes/fakering3.jpg
[1.021s] -- Installing: /home/beta/RINS-beta-robot/install/dis_tutorial3/share/dis_tutorial3//worlds/demo3_meshes/fakering1.jpg
[1.021s] -- Installing: /home/beta/RINS-beta-robot/install/dis_tutorial3/share/dis_tutorial3//worlds/demo3_meshes/map_colliders.dae
[1.022s] -- Installing: /home/beta/RINS-beta-robot/install/dis_tutorial3/share/dis_tutorial3//worlds/demo3_meshes/qr1.jpg
[1.022s] -- Installing: /home/beta/RINS-beta-robot/install/dis_tutorial3/share/dis_tutorial3//worlds/demo2_meshes
[1.022s] -- Installing: /home/beta/RINS-beta-robot/install/dis_tutorial3/share/dis_tutorial3//worlds/demo2_meshes/qr2.jpg
[1.022s] -- Installing: /home/beta/RINS-beta-robot/install/dis_tutorial3/share/dis_tutorial3//worlds/demo2_meshes/person8.png
[1.022s] -- Installing: /home/beta/RINS-beta-robot/install/dis_tutorial3/share/dis_tutorial3//worlds/demo2_meshes/person18.png
[1.022s] -- Installing: /home/beta/RINS-beta-robot/install/dis_tutorial3/share/dis_tutorial3//worlds/demo2_meshes/ground.jpg
[1.022s] -- Installing: /home/beta/RINS-beta-robot/install/dis_tutorial3/share/dis_tutorial3//worlds/demo2_meshes/parking_space.jpg
[1.022s] -- Installing: /home/beta/RINS-beta-robot/install/dis_tutorial3/share/dis_tutorial3//worlds/demo2_meshes/cylinders.jpg
[1.022s] -- Installing: /home/beta/RINS-beta-robot/install/dis_tutorial3/share/dis_tutorial3//worlds/demo2_meshes/person20.png
[1.023s] -- Installing: /home/beta/RINS-beta-robot/install/dis_tutorial3/share/dis_tutorial3//worlds/demo2_meshes/objects.jpg
[1.023s] -- Installing: /home/beta/RINS-beta-robot/install/dis_tutorial3/share/dis_tutorial3//worlds/demo2_meshes/person7.png
[1.023s] -- Installing: /home/beta/RINS-beta-robot/install/dis_tutorial3/share/dis_tutorial3//worlds/demo2_meshes/map.dae
[1.023s] -- Installing: /home/beta/RINS-beta-robot/install/dis_tutorial3/share/dis_tutorial3//worlds/demo2_meshes/person9.png
[1.023s] -- Installing: /home/beta/RINS-beta-robot/install/dis_tutorial3/share/dis_tutorial3//worlds/demo2_meshes/fakering2.jpg
[1.023s] -- Installing: /home/beta/RINS-beta-robot/install/dis_tutorial3/share/dis_tutorial3//worlds/demo2_meshes/person6.png
[1.024s] -- Installing: /home/beta/RINS-beta-robot/install/dis_tutorial3/share/dis_tutorial3//worlds/demo2_meshes/fakering3.jpg
[1.024s] -- Installing: /home/beta/RINS-beta-robot/install/dis_tutorial3/share/dis_tutorial3//worlds/demo2_meshes/fakering1.jpg
[1.024s] -- Installing: /home/beta/RINS-beta-robot/install/dis_tutorial3/share/dis_tutorial3//worlds/demo2_meshes/map_colliders.dae
[1.024s] -- Installing: /home/beta/RINS-beta-robot/install/dis_tutorial3/share/dis_tutorial3//worlds/demo2_meshes/qr1.jpg
[1.024s] -- Installing: /home/beta/RINS-beta-robot/install/dis_tutorial3/share/dis_tutorial3//worlds/task1_meshes
[1.024s] -- Installing: /home/beta/RINS-beta-robot/install/dis_tutorial3/share/dis_tutorial3//worlds/task1_meshes/qr2.jpg
[1.024s] -- Installing: /home/beta/RINS-beta-robot/install/dis_tutorial3/share/dis_tutorial3//worlds/task1_meshes/person8.png
[1.025s] -- Installing: /home/beta/RINS-beta-robot/install/dis_tutorial3/share/dis_tutorial3//worlds/task1_meshes/red.jpg
[1.025s] -- Installing: /home/beta/RINS-beta-robot/install/dis_tutorial3/share/dis_tutorial3//worlds/task1_meshes/blue.jpg
[1.025s] -- Installing: /home/beta/RINS-beta-robot/install/dis_tutorial3/share/dis_tutorial3//worlds/task1_meshes/ground.jpg
[1.025s] -- Installing: /home/beta/RINS-beta-robot/install/dis_tutorial3/share/dis_tutorial3//worlds/task1_meshes/parking_space.jpg
[1.025s] -- Installing: /home/beta/RINS-beta-robot/install/dis_tutorial3/share/dis_tutorial3//worlds/task1_meshes/green.jpg
[1.025s] -- Installing: /home/beta/RINS-beta-robot/install/dis_tutorial3/share/dis_tutorial3//worlds/task1_meshes/person2.png.001.png
[1.025s] -- Installing: /home/beta/RINS-beta-robot/install/dis_tutorial3/share/dis_tutorial3//worlds/task1_meshes/objects.jpg
[1.025s] -- Installing: /home/beta/RINS-beta-robot/install/dis_tutorial3/share/dis_tutorial3//worlds/task1_meshes/person5.png.001.png
[1.025s] -- Installing: /home/beta/RINS-beta-robot/install/dis_tutorial3/share/dis_tutorial3//worlds/task1_meshes/map.dae
[1.025s] -- Installing: /home/beta/RINS-beta-robot/install/dis_tutorial3/share/dis_tutorial3//worlds/task1_meshes/black.jpg
[1.025s] -- Installing: /home/beta/RINS-beta-robot/install/dis_tutorial3/share/dis_tutorial3//worlds/task1_meshes/person13.png
[1.026s] -- Installing: /home/beta/RINS-beta-robot/install/dis_tutorial3/share/dis_tutorial3//worlds/task1_meshes/person3.png.001.png
[1.026s] -- Installing: /home/beta/RINS-beta-robot/install/dis_tutorial3/share/dis_tutorial3//worlds/task1_meshes/fakering2.jpg
[1.026s] -- Installing: /home/beta/RINS-beta-robot/install/dis_tutorial3/share/dis_tutorial3//worlds/task1_meshes/person6.png
[1.026s] -- Installing: /home/beta/RINS-beta-robot/install/dis_tutorial3/share/dis_tutorial3//worlds/task1_meshes/yellow.jpg
[1.026s] -- Installing: /home/beta/RINS-beta-robot/install/dis_tutorial3/share/dis_tutorial3//worlds/task1_meshes/fakering3.jpg
[1.026s] -- Installing: /home/beta/RINS-beta-robot/install/dis_tutorial3/share/dis_tutorial3//worlds/task1_meshes/fakering1.jpg
[1.026s] -- Installing: /home/beta/RINS-beta-robot/install/dis_tutorial3/share/dis_tutorial3//worlds/task1_meshes/map_colliders.dae
[1.026s] -- Installing: /home/beta/RINS-beta-robot/install/dis_tutorial3/share/dis_tutorial3//worlds/task1_meshes/qr1.jpg
[1.027s] -- Installing: /home/beta/RINS-beta-robot/install/dis_tutorial3/share/dis_tutorial3//worlds/demo4.sdf
[1.027s] -- Installing: /home/beta/RINS-beta-robot/install/dis_tutorial3/share/dis_tutorial3//worlds/demo4_meshes
[1.027s] -- Installing: /home/beta/RINS-beta-robot/install/dis_tutorial3/share/dis_tutorial3//worlds/demo4_meshes/qr2.jpg
[1.027s] -- Installing: /home/beta/RINS-beta-robot/install/dis_tutorial3/share/dis_tutorial3//worlds/demo4_meshes/red.jpg
[1.027s] -- Installing: /home/beta/RINS-beta-robot/install/dis_tutorial3/share/dis_tutorial3//worlds/demo4_meshes/blue.jpg
[1.027s] -- Installing: /home/beta/RINS-beta-robot/install/dis_tutorial3/share/dis_tutorial3//worlds/demo4_meshes/ground.jpg
[1.027s] -- Installing: /home/beta/RINS-beta-robot/install/dis_tutorial3/share/dis_tutorial3//worlds/demo4_meshes/parking_space.jpg
[1.027s] -- Installing: /home/beta/RINS-beta-robot/install/dis_tutorial3/share/dis_tutorial3//worlds/demo4_meshes/green.jpg
[1.027s] -- Installing: /home/beta/RINS-beta-robot/install/dis_tutorial3/share/dis_tutorial3//worlds/demo4_meshes/person2.png.001.png
[1.027s] -- Installing: /home/beta/RINS-beta-robot/install/dis_tutorial3/share/dis_tutorial3//worlds/demo4_meshes/objects.jpg
[1.027s] -- Installing: /home/beta/RINS-beta-robot/install/dis_tutorial3/share/dis_tutorial3//worlds/demo4_meshes/person5.png.001.png
[1.027s] -- Installing: /home/beta/RINS-beta-robot/install/dis_tutorial3/share/dis_tutorial3//worlds/demo4_meshes/map.dae
[1.028s] -- Installing: /home/beta/RINS-beta-robot/install/dis_tutorial3/share/dis_tutorial3//worlds/demo4_meshes/black.jpg
[1.028s] -- Installing: /home/beta/RINS-beta-robot/install/dis_tutorial3/share/dis_tutorial3//worlds/demo4_meshes/person13.png
[1.028s] -- Installing: /home/beta/RINS-beta-robot/install/dis_tutorial3/share/dis_tutorial3//worlds/demo4_meshes/person3.png.001.png
[1.028s] -- Installing: /home/beta/RINS-beta-robot/install/dis_tutorial3/share/dis_tutorial3//worlds/demo4_meshes/fakering2.jpg
[1.028s] -- Installing: /home/beta/RINS-beta-robot/install/dis_tutorial3/share/dis_tutorial3//worlds/demo4_meshes/person6.png
[1.028s] -- Installing: /home/beta/RINS-beta-robot/install/dis_tutorial3/share/dis_tutorial3//worlds/demo4_meshes/yellow.jpg
[1.028s] -- Installing: /home/beta/RINS-beta-robot/install/dis_tutorial3/share/dis_tutorial3//worlds/demo4_meshes/fakering3.jpg
[1.029s] -- Installing: /home/beta/RINS-beta-robot/install/dis_tutorial3/share/dis_tutorial3//worlds/demo4_meshes/fakering1.jpg
[1.029s] -- Installing: /home/beta/RINS-beta-robot/install/dis_tutorial3/share/dis_tutorial3//worlds/demo4_meshes/map_colliders.dae
[1.029s] -- Installing: /home/beta/RINS-beta-robot/install/dis_tutorial3/share/dis_tutorial3//worlds/demo4_meshes/person4.png.001.png
[1.029s] -- Installing: /home/beta/RINS-beta-robot/install/dis_tutorial3/share/dis_tutorial3//worlds/demo4_meshes/qr1.jpg
[1.029s] -- Installing: /home/beta/RINS-beta-robot/install/dis_tutorial3/share/dis_tutorial3//worlds/task1.sdf
[1.029s] -- Installing: /home/beta/RINS-beta-robot/install/dis_tutorial3/share/dis_tutorial3//worlds/dis.sdf
[1.029s] -- Installing: /home/beta/RINS-beta-robot/install/dis_tutorial3/share/dis_tutorial3//worlds/empty.sdf
[1.029s] -- Installing: /home/beta/RINS-beta-robot/install/dis_tutorial3/share/dis_tutorial3//worlds/demo3.sdf
[1.029s] -- Installing: /home/beta/RINS-beta-robot/install/dis_tutorial3/share/dis_tutorial3//worlds/demo1.sdf
[1.029s] -- Installing: /home/beta/RINS-beta-robot/install/dis_tutorial3/share/dis_tutorial3//worlds/2024
[1.029s] -- Installing: /home/beta/RINS-beta-robot/install/dis_tutorial3/share/dis_tutorial3//worlds/2024/task2_demo2.sdf
[1.029s] -- Installing: /home/beta/RINS-beta-robot/install/dis_tutorial3/share/dis_tutorial3//worlds/2024/task3_meshes
[1.029s] -- Installing: /home/beta/RINS-beta-robot/install/dis_tutorial3/share/dis_tutorial3//worlds/2024/task3_meshes/easy_anomona_0.png
[1.030s] -- Installing: /home/beta/RINS-beta-robot/install/dis_tutorial3/share/dis_tutorial3//worlds/2024/task3_meshes/ground.jpg
[1.030s] -- Installing: /home/beta/RINS-beta-robot/install/dis_tutorial3/share/dis_tutorial3//worlds/2024/task3_meshes/parking_space.jpg
[1.030s] -- Installing: /home/beta/RINS-beta-robot/install/dis_tutorial3/share/dis_tutorial3//worlds/2024/task3_meshes/anomona_0.png
[1.030s] -- Installing: /home/beta/RINS-beta-robot/install/dis_tutorial3/share/dis_tutorial3//worlds/2024/task3_meshes/easy_anomona_1.png
[1.030s] -- Installing: /home/beta/RINS-beta-robot/install/dis_tutorial3/share/dis_tutorial3//worlds/2024/task3_meshes/anomona_4.png
[1.030s] -- Installing: /home/beta/RINS-beta-robot/install/dis_tutorial3/share/dis_tutorial3//worlds/2024/task3_meshes/cylinders.jpg
[1.030s] -- Installing: /home/beta/RINS-beta-robot/install/dis_tutorial3/share/dis_tutorial3//worlds/2024/task3_meshes/villager5.png
[1.030s] -- Installing: /home/beta/RINS-beta-robot/install/dis_tutorial3/share/dis_tutorial3//worlds/2024/task3_meshes/qr_cheat.png
[1.030s] -- Installing: /home/beta/RINS-beta-robot/install/dis_tutorial3/share/dis_tutorial3//worlds/2024/task3_meshes/villager4.png
[1.031s] -- Installing: /home/beta/RINS-beta-robot/install/dis_tutorial3/share/dis_tutorial3//worlds/2024/task3_meshes/objects.jpg
[1.031s] -- Installing: /home/beta/RINS-beta-robot/install/dis_tutorial3/share/dis_tutorial3//worlds/2024/task3_meshes/qr_url.png
[1.031s] -- Installing: /home/beta/RINS-beta-robot/install/dis_tutorial3/share/dis_tutorial3//worlds/2024/task3_meshes/villager3.png
[1.031s] -- Installing: /home/beta/RINS-beta-robot/install/dis_tutorial3/share/dis_tutorial3//worlds/2024/task3_meshes/map.dae
[1.031s] -- Installing: /home/beta/RINS-beta-robot/install/dis_tutorial3/share/dis_tutorial3//worlds/2024/task3_meshes/villager2.png
[1.032s] -- Installing: /home/beta/RINS-beta-robot/install/dis_tutorial3/share/dis_tutorial3//worlds/2024/task3_meshes/easy_anomona_2.png
[1.032s] -- Installing: /home/beta/RINS-beta-robot/install/dis_tutorial3/share/dis_tutorial3//worlds/2024/task3_meshes/easy_anomona_4.png
[1.032s] -- Installing: /home/beta/RINS-beta-robot/install/dis_tutorial3/share/dis_tutorial3//worlds/2024/task3_meshes/easy_anomona_3.png
[1.032s] -- Installing: /home/beta/RINS-beta-robot/install/dis_tutorial3/share/dis_tutorial3//worlds/2024/task3_meshes/anomona_2.png
[1.032s] -- Installing: /home/beta/RINS-beta-robot/install/dis_tutorial3/share/dis_tutorial3//worlds/2024/task3_meshes/fakering2.jpg
[1.032s] -- Installing: /home/beta/RINS-beta-robot/install/dis_tutorial3/share/dis_tutorial3//worlds/2024/task3_meshes/mona.png
[1.033s] -- Installing: /home/beta/RINS-beta-robot/install/dis_tutorial3/share/dis_tutorial3//worlds/2024/task3_meshes/anomona_1.png
[1.033s] -- Installing: /home/beta/RINS-beta-robot/install/dis_tutorial3/share/dis_tutorial3//worlds/2024/task3_meshes/qr_wrong.png
[1.033s] -- Installing: /home/beta/RINS-beta-robot/install/dis_tutorial3/share/dis_tutorial3//worlds/2024/task3_meshes/fakering3.jpg
[1.033s] -- Installing: /home/beta/RINS-beta-robot/install/dis_tutorial3/share/dis_tutorial3//worlds/2024/task3_meshes/villager1.png
[1.033s] -- Installing: /home/beta/RINS-beta-robot/install/dis_tutorial3/share/dis_tutorial3//worlds/2024/task3_meshes/anomona_3.png
[1.033s] -- Installing: /home/beta/RINS-beta-robot/install/dis_tutorial3/share/dis_tutorial3//worlds/2024/task3_meshes/fakering1.jpg
[1.033s] -- Installing: /home/beta/RINS-beta-robot/install/dis_tutorial3/share/dis_tutorial3//worlds/2024/task3_meshes/map_colliders.dae
[1.033s] -- Installing: /home/beta/RINS-beta-robot/install/dis_tutorial3/share/dis_tutorial3//worlds/2024/task3.sdf
[1.033s] -- Installing: /home/beta/RINS-beta-robot/install/dis_tutorial3/share/dis_tutorial3//worlds/2024/task2_demo2_meshes
[1.034s] -- Installing: /home/beta/RINS-beta-robot/install/dis_tutorial3/share/dis_tutorial3//worlds/2024/task2_demo2_meshes/ground.jpg
[1.034s] -- Installing: /home/beta/RINS-beta-robot/install/dis_tutorial3/share/dis_tutorial3//worlds/2024/task2_demo2_meshes/parking_space.jpg
[1.034s] -- Installing: /home/beta/RINS-beta-robot/install/dis_tutorial3/share/dis_tutorial3//worlds/2024/task2_demo2_meshes/cylinders.jpg
[1.034s] -- Installing: /home/beta/RINS-beta-robot/install/dis_tutorial3/share/dis_tutorial3//worlds/2024/task2_demo2_meshes/objects.jpg
[1.034s] -- Installing: /home/beta/RINS-beta-robot/install/dis_tutorial3/share/dis_tutorial3//worlds/2024/task2_demo2_meshes/map.dae
[1.034s] -- Installing: /home/beta/RINS-beta-robot/install/dis_tutorial3/share/dis_tutorial3//worlds/2024/task2_demo2_meshes/fakering2.jpg
[1.034s] -- Installing: /home/beta/RINS-beta-robot/install/dis_tutorial3/share/dis_tutorial3//worlds/2024/task2_demo2_meshes/fakering3.jpg
[1.034s] -- Installing: /home/beta/RINS-beta-robot/install/dis_tutorial3/share/dis_tutorial3//worlds/2024/task2_demo2_meshes/fakering1.jpg
[1.034s] -- Installing: /home/beta/RINS-beta-robot/install/dis_tutorial3/share/dis_tutorial3//worlds/2024/task2_demo2_meshes/map_colliders.dae
[1.034s] -- Installing: /home/beta/RINS-beta-robot/install/dis_tutorial3/share/dis_tutorial3//worlds/2024/task2_demo1_meshes
[1.034s] -- Installing: /home/beta/RINS-beta-robot/install/dis_tutorial3/share/dis_tutorial3//worlds/2024/task2_demo1_meshes/ground.jpg
[1.034s] -- Installing: /home/beta/RINS-beta-robot/install/dis_tutorial3/share/dis_tutorial3//worlds/2024/task2_demo1_meshes/parking_space.jpg
[1.034s] -- Installing: /home/beta/RINS-beta-robot/install/dis_tutorial3/share/dis_tutorial3//worlds/2024/task2_demo1_meshes/cylinders.jpg
[1.035s] -- Installing: /home/beta/RINS-beta-robot/install/dis_tutorial3/share/dis_tutorial3//worlds/2024/task2_demo1_meshes/objects.jpg
[1.035s] -- Installing: /home/beta/RINS-beta-robot/install/dis_tutorial3/share/dis_tutorial3//worlds/2024/task2_demo1_meshes/map.dae
[1.035s] -- Installing: /home/beta/RINS-beta-robot/install/dis_tutorial3/share/dis_tutorial3//worlds/2024/task2_demo1_meshes/fakering2.jpg
[1.035s] -- Installing: /home/beta/RINS-beta-robot/install/dis_tutorial3/share/dis_tutorial3//worlds/2024/task2_demo1_meshes/fakering3.jpg
[1.035s] -- Installing: /home/beta/RINS-beta-robot/install/dis_tutorial3/share/dis_tutorial3//worlds/2024/task2_demo1_meshes/fakering1.jpg
[1.035s] -- Installing: /home/beta/RINS-beta-robot/install/dis_tutorial3/share/dis_tutorial3//worlds/2024/task2_demo1_meshes/map_colliders.dae
[1.035s] -- Installing: /home/beta/RINS-beta-robot/install/dis_tutorial3/share/dis_tutorial3//worlds/2024/task2_demo1.sdf
[1.035s] -- Installing: /home/beta/RINS-beta-robot/install/dis_tutorial3/share/dis_tutorial3//worlds/demo1_meshes
[1.035s] -- Installing: /home/beta/RINS-beta-robot/install/dis_tutorial3/share/dis_tutorial3//worlds/demo1_meshes/person11.png
[1.035s] -- Installing: /home/beta/RINS-beta-robot/install/dis_tutorial3/share/dis_tutorial3//worlds/demo1_meshes/qr2.jpg
[1.036s] -- Installing: /home/beta/RINS-beta-robot/install/dis_tutorial3/share/dis_tutorial3//worlds/demo1_meshes/ground.jpg
[1.036s] -- Installing: /home/beta/RINS-beta-robot/install/dis_tutorial3/share/dis_tutorial3//worlds/demo1_meshes/parking_space.jpg
[1.036s] -- Installing: /home/beta/RINS-beta-robot/install/dis_tutorial3/share/dis_tutorial3//worlds/demo1_meshes/person5.png
[1.036s] -- Installing: /home/beta/RINS-beta-robot/install/dis_tutorial3/share/dis_tutorial3//worlds/demo1_meshes/cylinders.jpg
[1.036s] -- Installing: /home/beta/RINS-beta-robot/install/dis_tutorial3/share/dis_tutorial3//worlds/demo1_meshes/objects.jpg
[1.036s] -- Installing: /home/beta/RINS-beta-robot/install/dis_tutorial3/share/dis_tutorial3//worlds/demo1_meshes/person2.png
[1.036s] -- Installing: /home/beta/RINS-beta-robot/install/dis_tutorial3/share/dis_tutorial3//worlds/demo1_meshes/person3.png
[1.036s] -- Installing: /home/beta/RINS-beta-robot/install/dis_tutorial3/share/dis_tutorial3//worlds/demo1_meshes/map.dae
[1.037s] -- Installing: /home/beta/RINS-beta-robot/install/dis_tutorial3/share/dis_tutorial3//worlds/demo1_meshes/person1.png
[1.037s] -- Installing: /home/beta/RINS-beta-robot/install/dis_tutorial3/share/dis_tutorial3//worlds/demo1_meshes/fakering2.jpg
[1.037s] -- Installing: /home/beta/RINS-beta-robot/install/dis_tutorial3/share/dis_tutorial3//worlds/demo1_meshes/person4.png
[1.037s] -- Installing: /home/beta/RINS-beta-robot/install/dis_tutorial3/share/dis_tutorial3//worlds/demo1_meshes/fakering3.jpg
[1.037s] -- Installing: /home/beta/RINS-beta-robot/install/dis_tutorial3/share/dis_tutorial3//worlds/demo1_meshes/fakering1.jpg
[1.037s] -- Installing: /home/beta/RINS-beta-robot/install/dis_tutorial3/share/dis_tutorial3//worlds/demo1_meshes/map_colliders.dae
[1.038s] -- Installing: /home/beta/RINS-beta-robot/install/dis_tutorial3/share/dis_tutorial3//worlds/demo1_meshes/qr1.jpg
[1.038s] -- Installing: /home/beta/RINS-beta-robot/install/dis_tutorial3/share/dis_tutorial3//maps
[1.038s] -- Installing: /home/beta/RINS-beta-robot/install/dis_tutorial3/share/dis_tutorial3//maps/map1.pgm
[1.038s] -- Installing: /home/beta/RINS-beta-robot/install/dis_tutorial3/share/dis_tutorial3//maps/mapOld.pgm
[1.038s] -- Installing: /home/beta/RINS-beta-robot/install/dis_tutorial3/share/dis_tutorial3//maps/map.pgm
[1.038s] -- Installing: /home/beta/RINS-beta-robot/install/dis_tutorial3/share/dis_tutorial3//maps/map_skeleton_proba.pgm
[1.038s] -- Installing: /home/beta/RINS-beta-robot/install/dis_tutorial3/share/dis_tutorial3//maps/map_cleaned.pgm
[1.038s] -- Installing: /home/beta/RINS-beta-robot/install/dis_tutorial3/share/dis_tutorial3//maps/map1.yaml
[1.038s] -- Installing: /home/beta/RINS-beta-robot/install/dis_tutorial3/share/dis_tutorial3//maps/map_path_points.pgm
[1.038s] -- Installing: /home/beta/RINS-beta-robot/install/dis_tutorial3/share/dis_tutorial3//maps/map.yaml
[1.038s] -- Installing: /home/beta/RINS-beta-robot/install/dis_tutorial3/share/dis_tutorial3/scripts
[1.038s] -- Installing: /home/beta/RINS-beta-robot/install/dis_tutorial3/share/dis_tutorial3/scripts/robot_pos.txt
[1.038s] -- Installing: /home/beta/RINS-beta-robot/install/dis_tutorial3/share/dis_tutorial3/scripts/faces_pos.txt
[1.038s] -- Installing: /home/beta/RINS-beta-robot/install/dis_tutorial3/lib/dis_tutorial3/detect_people.py
[1.038s] -- Installing: /home/beta/RINS-beta-robot/install/dis_tutorial3/lib/dis_tutorial3/robot_commander.py
[1.038s] -- Installing: /home/beta/RINS-beta-robot/install/dis_tutorial3/lib/dis_tutorial3/detect_rings.py
[1.039s] -- Installing: /home/beta/RINS-beta-robot/install/dis_tutorial3/lib/dis_tutorial3/detect_people1.py
[1.039s] -- Installing: /home/beta/RINS-beta-robot/install/dis_tutorial3/lib/dis_tutorial3/speak.py
[1.039s] -- Installing: /home/beta/RINS-beta-robot/install/dis_tutorial3/lib/dis_tutorial3/rings_mask.py
[1.039s] -- Installing: /home/beta/RINS-beta-robot/install/dis_tutorial3/lib/dis_tutorial3/skeletonized_path.py
[1.039s] -- Installing: /home/beta/RINS-beta-robot/install/dis_tutorial3/share/ament_index/resource_index/package_run_dependencies/dis_tutorial3
[1.039s] -- Installing: /home/beta/RINS-beta-robot/install/dis_tutorial3/share/ament_index/resource_index/parent_prefix_path/dis_tutorial3
[1.039s] -- Installing: /home/beta/RINS-beta-robot/install/dis_tutorial3/share/dis_tutorial3/environment/ament_prefix_path.sh
[1.039s] -- Installing: /home/beta/RINS-beta-robot/install/dis_tutorial3/share/dis_tutorial3/environment/ament_prefix_path.dsv
[1.039s] -- Installing: /home/beta/RINS-beta-robot/install/dis_tutorial3/share/dis_tutorial3/environment/path.sh
[1.039s] -- Installing: /home/beta/RINS-beta-robot/install/dis_tutorial3/share/dis_tutorial3/environment/path.dsv
[1.039s] -- Installing: /home/beta/RINS-beta-robot/install/dis_tutorial3/share/dis_tutorial3/local_setup.bash
[1.039s] -- Installing: /home/beta/RINS-beta-robot/install/dis_tutorial3/share/dis_tutorial3/local_setup.sh
[1.039s] -- Installing: /home/beta/RINS-beta-robot/install/dis_tutorial3/share/dis_tutorial3/local_setup.zsh
[1.039s] -- Installing: /home/beta/RINS-beta-robot/install/dis_tutorial3/share/dis_tutorial3/local_setup.dsv
[1.039s] -- Installing: /home/beta/RINS-beta-robot/install/dis_tutorial3/share/dis_tutorial3/package.dsv
[1.039s] -- Installing: /home/beta/RINS-beta-robot/install/dis_tutorial3/share/ament_index/resource_index/packages/dis_tutorial3
[1.040s] -- Installing: /home/beta/RINS-beta-robot/install/dis_tutorial3/share/dis_tutorial3/cmake/dis_tutorial3Config.cmake
[1.040s] -- Installing: /home/beta/RINS-beta-robot/install/dis_tutorial3/share/dis_tutorial3/cmake/dis_tutorial3Config-version.cmake
[1.040s] -- Installing: /home/beta/RINS-beta-robot/install/dis_tutorial3/share/dis_tutorial3/package.xml
[1.041s] Invoked command in '/home/beta/RINS-beta-robot/build/dis_tutorial3' returned '0': CMAKE_PREFIX_PATH=/opt/ros/humble /usr/bin/cmake --install /home/beta/RINS-beta-robot/build/dis_tutorial3
